###############################################################################
#
# IAR ANSI C/C++ Compiler V7.20.2.7424/W32 for ARM        28/Jun/2017  11:22:47
# Copyright 1999-2014 IAR Systems AB.
#
#    Cpu mode     =  thumb
#    Endian       =  little
#    Source file  =  D:\GitHub_pository\FuYing_Car2\source\OLED.c
#    Command line =  
#        D:\GitHub_pository\FuYing_Car2\source\OLED.c -D LPLD_K60 -lCN
#        D:\GitHub_pository\FuYing_Car2\RAM\List\ -lB
#        D:\GitHub_pository\FuYing_Car2\RAM\List\ -o
#        D:\GitHub_pository\FuYing_Car2\RAM\Obj\ --no_cse --no_unroll
#        --no_inline --no_code_motion --no_tbaa --no_clustering --no_scheduling
#        --debug --endian=little --cpu=Cortex-M4 -e --fpu=None --dlib_config
#        "C:\Program Files (x86)\IAR Systems\Embedded Workbench
#        7.0\arm\INC\c\DLib_Config_Normal.h" -I
#        D:\GitHub_pository\FuYing_Car2\..\app\ -I
#        D:\GitHub_pository\FuYing_Car2\source\ -I
#        D:\GitHub_pository\FuYing_Car2\common\ -I
#        D:\GitHub_pository\FuYing_Car2\LPLD\ -I
#        D:\GitHub_pository\FuYing_Car2\LPLD\HW\ -I
#        D:\GitHub_pository\FuYing_Car2\LPLD\DEV\ -I
#        D:\GitHub_pository\FuYing_Car2\iar_config_files\ -Ol -I "C:\Program
#        Files (x86)\IAR Systems\Embedded Workbench 7.0\arm\CMSIS\Include\" -D
#        ARM_MATH_CM4
#    List file    =  D:\GitHub_pository\FuYing_Car2\RAM\List\OLED.lst
#    Object file  =  D:\GitHub_pository\FuYing_Car2\RAM\Obj\OLED.o
#
###############################################################################

D:\GitHub_pository\FuYing_Car2\source\OLED.c
      1          /*
      2              Basic of Oled
      3          Arthor : Qian Qiyang (KisaragiAyanoo@twitter)
      4          Date : 2015/12/01
      5          
      6          */
      7          
      8          
      9          #include "includes.h"
     10          #include <stdarg.h>
     11          #include <stdio.h>
     12          
     13          
     14          // ===== Variables =====
     15          
     16          // --- Local ---
     17          const uint8 F6x8[][6];
     18          #define XLevelL		0x00
     19          #define XLevelH		0x10
     20          #define XLevel		((XLevelH&0x0F)*16+XLevelL)
     21          #define OLED_COL	128
     22          #define Max_Row		  64
     23          #define	Brightness	0xCF 
     24          
     25          #define X_WIDTH 128
     26          #define Y_WIDTH 64
     27          
     28          
     29          
     30          // ===== Functions Declare =====
     31          
     32          // --- Local --- ( No need for user to use ! )
     33          
     34            // Basic Driver 
     35          void Oled_WrDat(uint8 data);
     36          void Oled_WrCmd(uint8 cmd);
     37          void Oled_DLY_ms(uint16 ms);
     38          void Oled_Set_Pos(uint8 x, uint8 y);
     39          
     40            // Hardware Interface
     41          void Oled_SCL(u8 x);
     42          void Oled_SDA(u8 x);
     43          void Oled_RST(u8 x);
     44          void Oled_DC(u8 x);
     45          
     46          
     47          
     48          

   \                                 In section .text, align 2, keep-with-next
     49          void Oled_Putstr(u8 y,u8 x,u8 ch[])
     50          {
   \                     Oled_Putstr: (+1)
   \   00000000   0xE92D 0x41F0      PUSH     {R4-R8,LR}
   \   00000004   0x000B             MOVS     R3,R1
   \   00000006   0x0014             MOVS     R4,R2
     51            uint8 c=0,i=0,j=0,t=0; 
   \   00000008   0x2700             MOVS     R7,#+0
   \   0000000A   0xF05F 0x0800      MOVS     R8,#+0
   \   0000000E   0x2600             MOVS     R6,#+0
   \   00000010   0x2500             MOVS     R5,#+0
   \   00000012   0xE000             B.N      ??Oled_Putstr_0
     52            while (ch[t]!='\0')
     53              t++;
   \                     ??Oled_Putstr_1: (+1)
   \   00000014   0x1C6D             ADDS     R5,R5,#+1
   \                     ??Oled_Putstr_0: (+1)
   \   00000016   0xB2ED             UXTB     R5,R5            ;; ZeroExt  R5,R5,#+24,#+24
   \   00000018   0x5D29             LDRB     R1,[R5, R4]
   \   0000001A   0x2900             CMP      R1,#+0
   \   0000001C   0xD1FA             BNE.N    ??Oled_Putstr_1
     54            Oled_Set_Pos(21-x-t,7-y);
   \   0000001E   0xF1D0 0x0107      RSBS     R1,R0,#+7
   \   00000022   0xB2C9             UXTB     R1,R1            ;; ZeroExt  R1,R1,#+24,#+24
   \   00000024   0xF1D3 0x0015      RSBS     R0,R3,#+21
   \   00000028   0x1B40             SUBS     R0,R0,R5
   \   0000002A   0xB2C0             UXTB     R0,R0            ;; ZeroExt  R0,R0,#+24,#+24
   \   0000002C   0x.... 0x....      BL       Oled_Set_Pos
     55            for(j=0;j<t;j++){   
   \   00000030   0x2600             MOVS     R6,#+0
   \   00000032   0xE014             B.N      ??Oled_Putstr_2
     56              c = ch[t-1-j]-32;
     57              for(i=0;i<6;i++)     
     58                Oled_WrDat(F6x8[c][5-i]);  
   \                     ??Oled_Putstr_3: (+1)
   \   00000034   0x.... 0x....      LDR.W    R0,??DataTable5
   \   00000038   0xB2FF             UXTB     R7,R7            ;; ZeroExt  R7,R7,#+24,#+24
   \   0000003A   0x2106             MOVS     R1,#+6
   \   0000003C   0xFB01 0x0007      MLA      R0,R1,R7,R0
   \   00000040   0xFA5F 0xF888      UXTB     R8,R8            ;; ZeroExt  R8,R8,#+24,#+24
   \   00000044   0xEBB0 0x0008      SUBS     R0,R0,R8
   \   00000048   0x7940             LDRB     R0,[R0, #+5]
   \   0000004A   0x.... 0x....      BL       Oled_WrDat
   \   0000004E   0xF118 0x0801      ADDS     R8,R8,#+1
   \                     ??Oled_Putstr_4: (+1)
   \   00000052   0xFA5F 0xF888      UXTB     R8,R8            ;; ZeroExt  R8,R8,#+24,#+24
   \   00000056   0xF1B8 0x0F06      CMP      R8,#+6
   \   0000005A   0xDBEB             BLT.N    ??Oled_Putstr_3
   \   0000005C   0x1C76             ADDS     R6,R6,#+1
   \                     ??Oled_Putstr_2: (+1)
   \   0000005E   0xB2F6             UXTB     R6,R6            ;; ZeroExt  R6,R6,#+24,#+24
   \   00000060   0xB2ED             UXTB     R5,R5            ;; ZeroExt  R5,R5,#+24,#+24
   \   00000062   0x42AE             CMP      R6,R5
   \   00000064   0xD209             BCS.N    ??Oled_Putstr_5
   \   00000066   0xB2ED             UXTB     R5,R5            ;; ZeroExt  R5,R5,#+24,#+24
   \   00000068   0x1E68             SUBS     R0,R5,#+1
   \   0000006A   0xB2F6             UXTB     R6,R6            ;; ZeroExt  R6,R6,#+24,#+24
   \   0000006C   0x1B80             SUBS     R0,R0,R6
   \   0000006E   0x5D00             LDRB     R0,[R0, R4]
   \   00000070   0xF1B0 0x0720      SUBS     R7,R0,#+32
   \   00000074   0xF05F 0x0800      MOVS     R8,#+0
   \   00000078   0xE7EB             B.N      ??Oled_Putstr_4
     59            }
     60          }
   \                     ??Oled_Putstr_5: (+1)
   \   0000007A   0xE8BD 0x81F0      POP      {R4-R8,PC}       ;; return
     61          // ===== APIs Realization =====
     62          
     63          // 可以这么用了
     64          // Oled_Printf(0, 0, "Format %c %5d %.2f", 'a', 5, 3.14);

   \                                 In section .text, align 2, keep-with-next
     65          int Oled_Printf(u8 y, u8 x, u8 * format, ... )
     66          {
   \                     Oled_Printf: (+1)
   \   00000000   0xB408             PUSH     {R3}
   \   00000002   0xB570             PUSH     {R4-R6,LR}
   \   00000004   0xB0A1             SUB      SP,SP,#+132
   \   00000006   0x0004             MOVS     R4,R0
   \   00000008   0x000D             MOVS     R5,R1
   \   0000000A   0x0011             MOVS     R1,R2
     67          	char buf[128];
     68          	int length;
     69          	va_list arg_list;
     70          
     71          	va_start( arg_list, format );
   \   0000000C   0xAA25             ADD      R2,SP,#+148
     72          	length = vsprintf( buf, format, arg_list );
   \   0000000E   0xA800             ADD      R0,SP,#+0
   \   00000010   0x.... 0x....      BL       vsprintf
   \   00000014   0x0006             MOVS     R6,R0
     73          	va_end( arg_list );
     74          
     75          	Oled_Putstr(y, x, buf);
   \   00000016   0xAA00             ADD      R2,SP,#+0
   \   00000018   0x0029             MOVS     R1,R5
   \   0000001A   0xB2C9             UXTB     R1,R1            ;; ZeroExt  R1,R1,#+24,#+24
   \   0000001C   0x0020             MOVS     R0,R4
   \   0000001E   0xB2C0             UXTB     R0,R0            ;; ZeroExt  R0,R0,#+24,#+24
   \   00000020   0x.... 0x....      BL       Oled_Putstr
     76          
     77          	return length;
   \   00000024   0x0030             MOVS     R0,R6
   \   00000026   0xB021             ADD      SP,SP,#+132
   \   00000028   0xBC70             POP      {R4-R6}
   \   0000002A   0xF85D 0xFB08      LDR      PC,[SP], #+8     ;; return
     78          }

   \                                 In section .text, align 2, keep-with-next
     79          void Oled_Putnum(u8 x,u8 y,s16 c){      
   \                     Oled_Putnum: (+1)
   \   00000000   0xB530             PUSH     {R4,R5,LR}
   \   00000002   0xB083             SUB      SP,SP,#+12
     80            uint8 cha[7],temp,sig=0;
   \   00000004   0x2300             MOVS     R3,#+0
     81            
     82            if (c<0){
   \   00000006   0xB212             SXTH     R2,R2            ;; SignExt  R2,R2,#+16,#+16
   \   00000008   0x2A00             CMP      R2,#+0
   \   0000000A   0xD502             BPL.N    ??Oled_Putnum_0
     83              sig=1;
   \   0000000C   0x2301             MOVS     R3,#+1
     84              c = -c;
   \   0000000E   0xB212             SXTH     R2,R2            ;; SignExt  R2,R2,#+16,#+16
   \   00000010   0x4252             RSBS     R2,R2,#+0
     85            }
     86            
     87            cha[0]=' ';
   \                     ??Oled_Putnum_0: (+1)
   \   00000012   0x2420             MOVS     R4,#+32
   \   00000014   0xF88D 0x4000      STRB     R4,[SP, #+0]
     88            
     89            temp=c/10000;
   \   00000018   0xB212             SXTH     R2,R2            ;; SignExt  R2,R2,#+16,#+16
   \   0000001A   0xF242 0x7410      MOVW     R4,#+10000
   \   0000001E   0xFB92 0xF4F4      SDIV     R4,R2,R4
     90            if(temp==0) cha[1]=' ';
   \   00000022   0xB2E4             UXTB     R4,R4            ;; ZeroExt  R4,R4,#+24,#+24
   \   00000024   0x2C00             CMP      R4,#+0
   \   00000026   0xD103             BNE.N    ??Oled_Putnum_1
   \   00000028   0x2420             MOVS     R4,#+32
   \   0000002A   0xF88D 0x4001      STRB     R4,[SP, #+1]
   \   0000002E   0xE002             B.N      ??Oled_Putnum_2
     91            else cha[1]=temp+48;
   \                     ??Oled_Putnum_1: (+1)
   \   00000030   0x3430             ADDS     R4,R4,#+48
   \   00000032   0xF88D 0x4001      STRB     R4,[SP, #+1]
     92            
     93            temp=c%10000/1000;
   \                     ??Oled_Putnum_2: (+1)
   \   00000036   0xB212             SXTH     R2,R2            ;; SignExt  R2,R2,#+16,#+16
   \   00000038   0xF242 0x7410      MOVW     R4,#+10000
   \   0000003C   0xFB92 0xF5F4      SDIV     R5,R2,R4
   \   00000040   0xFB04 0x2415      MLS      R4,R4,R5,R2
   \   00000044   0xF44F 0x757A      MOV      R5,#+1000
   \   00000048   0xFB94 0xF4F5      SDIV     R4,R4,R5
     94            if(temp==0 && cha[1]==' ') cha[2]=' ';
   \   0000004C   0xB2E4             UXTB     R4,R4            ;; ZeroExt  R4,R4,#+24,#+24
   \   0000004E   0x2C00             CMP      R4,#+0
   \   00000050   0xD107             BNE.N    ??Oled_Putnum_3
   \   00000052   0xF89D 0x5001      LDRB     R5,[SP, #+1]
   \   00000056   0x2D20             CMP      R5,#+32
   \   00000058   0xD103             BNE.N    ??Oled_Putnum_3
   \   0000005A   0x2420             MOVS     R4,#+32
   \   0000005C   0xF88D 0x4002      STRB     R4,[SP, #+2]
   \   00000060   0xE002             B.N      ??Oled_Putnum_4
     95            else cha[2]=temp+48;
   \                     ??Oled_Putnum_3: (+1)
   \   00000062   0x3430             ADDS     R4,R4,#+48
   \   00000064   0xF88D 0x4002      STRB     R4,[SP, #+2]
     96            
     97            temp=c%1000/100;
   \                     ??Oled_Putnum_4: (+1)
   \   00000068   0xB212             SXTH     R2,R2            ;; SignExt  R2,R2,#+16,#+16
   \   0000006A   0xF44F 0x747A      MOV      R4,#+1000
   \   0000006E   0xFB92 0xF5F4      SDIV     R5,R2,R4
   \   00000072   0xFB04 0x2415      MLS      R4,R4,R5,R2
   \   00000076   0x2564             MOVS     R5,#+100
   \   00000078   0xFB94 0xF4F5      SDIV     R4,R4,R5
     98            if(temp==0 && cha[2]==' ') cha[3]=' ';
   \   0000007C   0xB2E4             UXTB     R4,R4            ;; ZeroExt  R4,R4,#+24,#+24
   \   0000007E   0x2C00             CMP      R4,#+0
   \   00000080   0xD107             BNE.N    ??Oled_Putnum_5
   \   00000082   0xF89D 0x5002      LDRB     R5,[SP, #+2]
   \   00000086   0x2D20             CMP      R5,#+32
   \   00000088   0xD103             BNE.N    ??Oled_Putnum_5
   \   0000008A   0x2420             MOVS     R4,#+32
   \   0000008C   0xF88D 0x4003      STRB     R4,[SP, #+3]
   \   00000090   0xE002             B.N      ??Oled_Putnum_6
     99            else cha[3]=temp+48;
   \                     ??Oled_Putnum_5: (+1)
   \   00000092   0x3430             ADDS     R4,R4,#+48
   \   00000094   0xF88D 0x4003      STRB     R4,[SP, #+3]
    100            
    101            temp=c%100/10;
   \                     ??Oled_Putnum_6: (+1)
   \   00000098   0xB212             SXTH     R2,R2            ;; SignExt  R2,R2,#+16,#+16
   \   0000009A   0x2464             MOVS     R4,#+100
   \   0000009C   0xFB92 0xF5F4      SDIV     R5,R2,R4
   \   000000A0   0xFB04 0x2415      MLS      R4,R4,R5,R2
   \   000000A4   0x250A             MOVS     R5,#+10
   \   000000A6   0xFB94 0xF4F5      SDIV     R4,R4,R5
    102            if(temp==0 && cha[3]==' ') cha[4]=' ';
   \   000000AA   0xB2E4             UXTB     R4,R4            ;; ZeroExt  R4,R4,#+24,#+24
   \   000000AC   0x2C00             CMP      R4,#+0
   \   000000AE   0xD107             BNE.N    ??Oled_Putnum_7
   \   000000B0   0xF89D 0x5003      LDRB     R5,[SP, #+3]
   \   000000B4   0x2D20             CMP      R5,#+32
   \   000000B6   0xD103             BNE.N    ??Oled_Putnum_7
   \   000000B8   0x2420             MOVS     R4,#+32
   \   000000BA   0xF88D 0x4004      STRB     R4,[SP, #+4]
   \   000000BE   0xE002             B.N      ??Oled_Putnum_8
    103            else cha[4]=temp+48; 
   \                     ??Oled_Putnum_7: (+1)
   \   000000C0   0x3430             ADDS     R4,R4,#+48
   \   000000C2   0xF88D 0x4004      STRB     R4,[SP, #+4]
    104            
    105            temp=c%10;
   \                     ??Oled_Putnum_8: (+1)
   \   000000C6   0xB212             SXTH     R2,R2            ;; SignExt  R2,R2,#+16,#+16
   \   000000C8   0x240A             MOVS     R4,#+10
   \   000000CA   0xFB92 0xF5F4      SDIV     R5,R2,R4
   \   000000CE   0xFB04 0x2415      MLS      R4,R4,R5,R2
    106            cha[5]=temp+48;  
   \   000000D2   0xF114 0x0230      ADDS     R2,R4,#+48
   \   000000D6   0xF88D 0x2005      STRB     R2,[SP, #+5]
    107            cha[6]='\0';
   \   000000DA   0x2200             MOVS     R2,#+0
   \   000000DC   0xF88D 0x2006      STRB     R2,[SP, #+6]
    108            if(sig){
   \   000000E0   0xB2DB             UXTB     R3,R3            ;; ZeroExt  R3,R3,#+24,#+24
   \   000000E2   0x2B00             CMP      R3,#+0
   \   000000E4   0xD00B             BEQ.N    ??Oled_Putnum_9
    109              temp=6;
   \   000000E6   0x2406             MOVS     R4,#+6
   \   000000E8   0xE000             B.N      ??Oled_Putnum_10
    110              while(cha[temp]!=' ')
    111                temp--;
   \                     ??Oled_Putnum_11: (+1)
   \   000000EA   0x1E64             SUBS     R4,R4,#+1
   \                     ??Oled_Putnum_10: (+1)
   \   000000EC   0xAA00             ADD      R2,SP,#+0
   \   000000EE   0xB2E4             UXTB     R4,R4            ;; ZeroExt  R4,R4,#+24,#+24
   \   000000F0   0x5CA2             LDRB     R2,[R4, R2]
   \   000000F2   0x2A20             CMP      R2,#+32
   \   000000F4   0xD1F9             BNE.N    ??Oled_Putnum_11
    112              cha[temp]='-';
   \   000000F6   0x222D             MOVS     R2,#+45
   \   000000F8   0xAB00             ADD      R3,SP,#+0
   \   000000FA   0xB2E4             UXTB     R4,R4            ;; ZeroExt  R4,R4,#+24,#+24
   \   000000FC   0x54E2             STRB     R2,[R4, R3]
    113            }
    114            Oled_Putstr(x,y+1,cha);
   \                     ??Oled_Putnum_9: (+1)
   \   000000FE   0xAA00             ADD      R2,SP,#+0
   \   00000100   0x1C49             ADDS     R1,R1,#+1
   \   00000102   0xB2C9             UXTB     R1,R1            ;; ZeroExt  R1,R1,#+24,#+24
   \   00000104   0xB2C0             UXTB     R0,R0            ;; ZeroExt  R0,R0,#+24,#+24
   \   00000106   0x.... 0x....      BL       Oled_Putstr
    115          }
   \   0000010A   0xBD37             POP      {R0-R2,R4,R5,PC}  ;; return
    116          
    117          
    118          

   \                                 In section .text, align 2, keep-with-next
    119          void Oled_Clear(void)
    120          {
   \                     Oled_Clear: (+1)
   \   00000000   0xB538             PUSH     {R3-R5,LR}
    121          	uint8 y,x;	
    122          	for(y=0;y<8;y++)
   \   00000002   0x2400             MOVS     R4,#+0
   \   00000004   0xE007             B.N      ??Oled_Clear_0
    123          	{
    124          		Oled_WrCmd(0xb0+y);
    125          		Oled_WrCmd(0x01);
    126          		Oled_WrCmd(0x10); 
    127          		for(x=0;x<X_WIDTH;x++)
    128          			Oled_WrDat(0);
   \                     ??Oled_Clear_1: (+1)
   \   00000006   0x2000             MOVS     R0,#+0
   \   00000008   0x.... 0x....      BL       Oled_WrDat
   \   0000000C   0x1C6D             ADDS     R5,R5,#+1
   \                     ??Oled_Clear_2: (+1)
   \   0000000E   0xB2ED             UXTB     R5,R5            ;; ZeroExt  R5,R5,#+24,#+24
   \   00000010   0x2D80             CMP      R5,#+128
   \   00000012   0xDBF8             BLT.N    ??Oled_Clear_1
   \   00000014   0x1C64             ADDS     R4,R4,#+1
   \                     ??Oled_Clear_0: (+1)
   \   00000016   0xB2E4             UXTB     R4,R4            ;; ZeroExt  R4,R4,#+24,#+24
   \   00000018   0x2C08             CMP      R4,#+8
   \   0000001A   0xDA0C             BGE.N    ??Oled_Clear_3
   \   0000001C   0xF1B4 0x0050      SUBS     R0,R4,#+80
   \   00000020   0xB2C0             UXTB     R0,R0            ;; ZeroExt  R0,R0,#+24,#+24
   \   00000022   0x.... 0x....      BL       Oled_WrCmd
   \   00000026   0x2001             MOVS     R0,#+1
   \   00000028   0x.... 0x....      BL       Oled_WrCmd
   \   0000002C   0x2010             MOVS     R0,#+16
   \   0000002E   0x.... 0x....      BL       Oled_WrCmd
   \   00000032   0x2500             MOVS     R5,#+0
   \   00000034   0xE7EB             B.N      ??Oled_Clear_2
    129          	}
    130          }
   \                     ??Oled_Clear_3: (+1)
   \   00000036   0xBD31             POP      {R0,R4,R5,PC}    ;; return
    131          

   \                                 In section .text, align 2, keep-with-next
    132          void Oled_Setxy(u8 x, u8 y)     //OLED 设置坐标  
    133          {   
   \                     Oled_Setxy: (+1)
   \   00000000   0xB510             PUSH     {R4,LR}
   \   00000002   0x0004             MOVS     R4,R0
    134            Oled_WrCmd(0xb0+y);  
   \   00000004   0xF1B1 0x0050      SUBS     R0,R1,#+80
   \   00000008   0xB2C0             UXTB     R0,R0            ;; ZeroExt  R0,R0,#+24,#+24
   \   0000000A   0x.... 0x....      BL       Oled_WrCmd
    135            Oled_WrCmd(((x&0xf0)>>4)|0x10);  
   \   0000000E   0xB2E4             UXTB     R4,R4            ;; ZeroExt  R4,R4,#+24,#+24
   \   00000010   0x0920             LSRS     R0,R4,#+4
   \   00000012   0xF050 0x0010      ORRS     R0,R0,#0x10
   \   00000016   0xB2C0             UXTB     R0,R0            ;; ZeroExt  R0,R0,#+24,#+24
   \   00000018   0x.... 0x....      BL       Oled_WrCmd
    136            Oled_WrCmd((x&0x0f)|0x01);   
   \   0000001C   0xF014 0x000F      ANDS     R0,R4,#0xF
   \   00000020   0xF050 0x0001      ORRS     R0,R0,#0x1
   \   00000024   0xB2C0             UXTB     R0,R0            ;; ZeroExt  R0,R0,#+24,#+24
   \   00000026   0x.... 0x....      BL       Oled_WrCmd
    137          }   
   \   0000002A   0xBD10             POP      {R4,PC}          ;; return
    138          

   \                                 In section .text, align 2, keep-with-next
    139          void Oled_DrawBMP(u8 x0,u8 y0,u8 x1,u8 y1,u8 BMP[])//显示显示BMP图片128×64起始点坐标(x,y),x的范围0～127，y为页的范围0～7*  
    140          {     
   \                     Oled_DrawBMP: (+1)
   \   00000000   0xE92D 0x47F0      PUSH     {R4-R10,LR}
   \   00000004   0x0004             MOVS     R4,R0
   \   00000006   0x000D             MOVS     R5,R1
   \   00000008   0x0016             MOVS     R6,R2
   \   0000000A   0x001F             MOVS     R7,R3
    141           unsigned int j=0;  
   \   0000000C   0xF05F 0x0800      MOVS     R8,#+0
    142           unsigned char x,y;  
    143              
    144            if(y1%8==0)  
   \   00000010   0xB2FF             UXTB     R7,R7            ;; ZeroExt  R7,R7,#+24,#+24
   \   00000012   0x2008             MOVS     R0,#+8
   \   00000014   0xFB97 0xF1F0      SDIV     R1,R7,R0
   \   00000018   0xFB01 0x7110      MLS      R1,R1,R0,R7
   \   0000001C   0x2900             CMP      R1,#+0
   \   0000001E   0xD104             BNE.N    ??Oled_DrawBMP_0
    145               y1=y1/8;        
   \   00000020   0xB2FF             UXTB     R7,R7            ;; ZeroExt  R7,R7,#+24,#+24
   \   00000022   0x2008             MOVS     R0,#+8
   \   00000024   0xFB97 0xF7F0      SDIV     R7,R7,R0
   \   00000028   0xE004             B.N      ??Oled_DrawBMP_1
    146            else   
    147               y1=y1/8+1;  
   \                     ??Oled_DrawBMP_0: (+1)
   \   0000002A   0xB2FF             UXTB     R7,R7            ;; ZeroExt  R7,R7,#+24,#+24
   \   0000002C   0x2008             MOVS     R0,#+8
   \   0000002E   0xFB97 0xF0F0      SDIV     R0,R7,R0
   \   00000032   0x1C47             ADDS     R7,R0,#+1
    148            for(y=y0;y<y1;y++)  
   \                     ??Oled_DrawBMP_1: (+1)
   \   00000034   0xF8DD 0x9020      LDR      R9,[SP, #+32]
   \   00000038   0xE00D             B.N      ??Oled_DrawBMP_2
    149            {  
    150               Oled_Setxy(x0,y);                
    151               for(x=x0;x<x1;x++)  
    152               {        
    153                  Oled_WrDat(BMP[j++]);            
   \                     ??Oled_DrawBMP_3: (+1)
   \   0000003A   0xF818 0x0009      LDRB     R0,[R8, R9]
   \   0000003E   0x.... 0x....      BL       Oled_WrDat
   \   00000042   0xF118 0x0801      ADDS     R8,R8,#+1
    154               }  
   \   00000046   0xF11A 0x0A01      ADDS     R10,R10,#+1
   \                     ??Oled_DrawBMP_4: (+1)
   \   0000004A   0xFA5F 0xFA8A      UXTB     R10,R10          ;; ZeroExt  R10,R10,#+24,#+24
   \   0000004E   0xB2F6             UXTB     R6,R6            ;; ZeroExt  R6,R6,#+24,#+24
   \   00000050   0x45B2             CMP      R10,R6
   \   00000052   0xD3F2             BCC.N    ??Oled_DrawBMP_3
   \   00000054   0x1C6D             ADDS     R5,R5,#+1
   \                     ??Oled_DrawBMP_2: (+1)
   \   00000056   0xB2ED             UXTB     R5,R5            ;; ZeroExt  R5,R5,#+24,#+24
   \   00000058   0xB2FF             UXTB     R7,R7            ;; ZeroExt  R7,R7,#+24,#+24
   \   0000005A   0x42BD             CMP      R5,R7
   \   0000005C   0xD207             BCS.N    ??Oled_DrawBMP_5
   \   0000005E   0x0029             MOVS     R1,R5
   \   00000060   0xB2C9             UXTB     R1,R1            ;; ZeroExt  R1,R1,#+24,#+24
   \   00000062   0x0020             MOVS     R0,R4
   \   00000064   0xB2C0             UXTB     R0,R0            ;; ZeroExt  R0,R0,#+24,#+24
   \   00000066   0x.... 0x....      BL       Oled_Setxy
   \   0000006A   0x46A2             MOV      R10,R4
   \   0000006C   0xE7ED             B.N      ??Oled_DrawBMP_4
    155            }  
    156          }
   \                     ??Oled_DrawBMP_5: (+1)
   \   0000006E   0xE8BD 0x87F0      POP      {R4-R10,PC}      ;; return
    157          

   \                                 In section .text, align 2, keep-with-next
    158          void Oled_Init(void)        
    159          {  
   \                     Oled_Init: (+1)
   \   00000000   0xB580             PUSH     {R7,LR}
    160            PORTC->PCR[12] |= PORT_PCR_MUX(1);
   \   00000002   0x....             LDR.N    R0,??DataTable5_1  ;; 0x4004b030
   \   00000004   0x6800             LDR      R0,[R0, #+0]
   \   00000006   0xF450 0x7080      ORRS     R0,R0,#0x100
   \   0000000A   0x....             LDR.N    R1,??DataTable5_1  ;; 0x4004b030
   \   0000000C   0x6008             STR      R0,[R1, #+0]
    161            PORTC->PCR[13] |= PORT_PCR_MUX(1);
   \   0000000E   0x....             LDR.N    R0,??DataTable5_2  ;; 0x4004b034
   \   00000010   0x6800             LDR      R0,[R0, #+0]
   \   00000012   0xF450 0x7080      ORRS     R0,R0,#0x100
   \   00000016   0x....             LDR.N    R1,??DataTable5_2  ;; 0x4004b034
   \   00000018   0x6008             STR      R0,[R1, #+0]
    162            PORTC->PCR[14] |= PORT_PCR_MUX(1);
   \   0000001A   0x....             LDR.N    R0,??DataTable5_3  ;; 0x4004b038
   \   0000001C   0x6800             LDR      R0,[R0, #+0]
   \   0000001E   0xF450 0x7080      ORRS     R0,R0,#0x100
   \   00000022   0x....             LDR.N    R1,??DataTable5_3  ;; 0x4004b038
   \   00000024   0x6008             STR      R0,[R1, #+0]
    163            PORTC->PCR[15] |= PORT_PCR_MUX(1);
   \   00000026   0x....             LDR.N    R0,??DataTable5_4  ;; 0x4004b03c
   \   00000028   0x6800             LDR      R0,[R0, #+0]
   \   0000002A   0xF450 0x7080      ORRS     R0,R0,#0x100
   \   0000002E   0x....             LDR.N    R1,??DataTable5_4  ;; 0x4004b03c
   \   00000030   0x6008             STR      R0,[R1, #+0]
    164            PTC->PDDR |= (1<<12);
   \   00000032   0x....             LDR.N    R0,??DataTable5_5  ;; 0x400ff094
   \   00000034   0x6800             LDR      R0,[R0, #+0]
   \   00000036   0xF450 0x5080      ORRS     R0,R0,#0x1000
   \   0000003A   0x....             LDR.N    R1,??DataTable5_5  ;; 0x400ff094
   \   0000003C   0x6008             STR      R0,[R1, #+0]
    165            PTC->PDDR |= (1<<13);
   \   0000003E   0x....             LDR.N    R0,??DataTable5_5  ;; 0x400ff094
   \   00000040   0x6800             LDR      R0,[R0, #+0]
   \   00000042   0xF450 0x5000      ORRS     R0,R0,#0x2000
   \   00000046   0x....             LDR.N    R1,??DataTable5_5  ;; 0x400ff094
   \   00000048   0x6008             STR      R0,[R1, #+0]
    166            PTC->PDDR |= (1<<14);
   \   0000004A   0x....             LDR.N    R0,??DataTable5_5  ;; 0x400ff094
   \   0000004C   0x6800             LDR      R0,[R0, #+0]
   \   0000004E   0xF450 0x4080      ORRS     R0,R0,#0x4000
   \   00000052   0x....             LDR.N    R1,??DataTable5_5  ;; 0x400ff094
   \   00000054   0x6008             STR      R0,[R1, #+0]
    167            PTC->PDDR |= (1<<15);
   \   00000056   0x....             LDR.N    R0,??DataTable5_5  ;; 0x400ff094
   \   00000058   0x6800             LDR      R0,[R0, #+0]
   \   0000005A   0xF450 0x4000      ORRS     R0,R0,#0x8000
   \   0000005E   0x....             LDR.N    R1,??DataTable5_5  ;; 0x400ff094
   \   00000060   0x6008             STR      R0,[R1, #+0]
    168            
    169            Oled_SCL(1);
   \   00000062   0x2001             MOVS     R0,#+1
   \   00000064   0x.... 0x....      BL       Oled_SCL
    170            //Oled_CS(1);	 	
    171          	
    172            Oled_RST(0);
   \   00000068   0x2000             MOVS     R0,#+0
   \   0000006A   0x.... 0x....      BL       Oled_RST
    173            Oled_DLY_ms(50);
   \   0000006E   0x2032             MOVS     R0,#+50
   \   00000070   0x.... 0x....      BL       Oled_DLY_ms
    174            Oled_RST(1);
   \   00000074   0x2001             MOVS     R0,#+1
   \   00000076   0x.... 0x....      BL       Oled_RST
    175          
    176            Oled_WrCmd(0xae);//--turn off oled panel
   \   0000007A   0x20AE             MOVS     R0,#+174
   \   0000007C   0x.... 0x....      BL       Oled_WrCmd
    177            Oled_WrCmd(0x00);//---set low column address
   \   00000080   0x2000             MOVS     R0,#+0
   \   00000082   0x.... 0x....      BL       Oled_WrCmd
    178            Oled_WrCmd(0x10);//---set high column address
   \   00000086   0x2010             MOVS     R0,#+16
   \   00000088   0x.... 0x....      BL       Oled_WrCmd
    179            Oled_WrCmd(0x40);//--set start line address  Set Mapping RAM Display Start Line (0x00~0x3F)
   \   0000008C   0x2040             MOVS     R0,#+64
   \   0000008E   0x.... 0x....      BL       Oled_WrCmd
    180            Oled_WrCmd(0x81);//--set contrast control register
   \   00000092   0x2081             MOVS     R0,#+129
   \   00000094   0x.... 0x....      BL       Oled_WrCmd
    181            Oled_WrCmd(0xcf); // Set SEG Output Current Brightness
   \   00000098   0x20CF             MOVS     R0,#+207
   \   0000009A   0x.... 0x....      BL       Oled_WrCmd
    182            Oled_WrCmd(0xa1);//--Set SEG/Column Mapping     0xa0Eu 0xa1
   \   0000009E   0x20A1             MOVS     R0,#+161
   \   000000A0   0x.... 0x....      BL       Oled_WrCmd
    183            Oled_WrCmd(0xc8);//Set COM/Row Scan Direction   0xc0u 0xc8
   \   000000A4   0x20C8             MOVS     R0,#+200
   \   000000A6   0x.... 0x....      BL       Oled_WrCmd
    184            Oled_WrCmd(0xa6);//--set normal display
   \   000000AA   0x20A6             MOVS     R0,#+166
   \   000000AC   0x.... 0x....      BL       Oled_WrCmd
    185            Oled_WrCmd(0xa8);//--set multiplex ratio(1 to 64)
   \   000000B0   0x20A8             MOVS     R0,#+168
   \   000000B2   0x.... 0x....      BL       Oled_WrCmd
    186            Oled_WrCmd(0x3f);//--1/64 duty
   \   000000B6   0x203F             MOVS     R0,#+63
   \   000000B8   0x.... 0x....      BL       Oled_WrCmd
    187            Oled_WrCmd(0xd3);//-set display offset	Shift Mapping RAM Counter (0x00~0x3F)
   \   000000BC   0x20D3             MOVS     R0,#+211
   \   000000BE   0x.... 0x....      BL       Oled_WrCmd
    188            Oled_WrCmd(0x00);//-not offset
   \   000000C2   0x2000             MOVS     R0,#+0
   \   000000C4   0x.... 0x....      BL       Oled_WrCmd
    189            Oled_WrCmd(0xd5);//--set display clock divide ratio/oscillator frequency
   \   000000C8   0x20D5             MOVS     R0,#+213
   \   000000CA   0x.... 0x....      BL       Oled_WrCmd
    190            Oled_WrCmd(0xf0);//--set divide ratio, Set Clock as 100 Frames/Sec
   \   000000CE   0x20F0             MOVS     R0,#+240
   \   000000D0   0x.... 0x....      BL       Oled_WrCmd
    191            Oled_WrCmd(0xd9);//--set pre-charge period
   \   000000D4   0x20D9             MOVS     R0,#+217
   \   000000D6   0x.... 0x....      BL       Oled_WrCmd
    192            Oled_WrCmd(0xf1);//Set Pre-Charge as 15 Clocks & Discharge as 1 Clock
   \   000000DA   0x20F1             MOVS     R0,#+241
   \   000000DC   0x.... 0x....      BL       Oled_WrCmd
    193            Oled_WrCmd(0xda);//--set com pins hardware configuration
   \   000000E0   0x20DA             MOVS     R0,#+218
   \   000000E2   0x.... 0x....      BL       Oled_WrCmd
    194            Oled_WrCmd(0x12);
   \   000000E6   0x2012             MOVS     R0,#+18
   \   000000E8   0x.... 0x....      BL       Oled_WrCmd
    195            Oled_WrCmd(0xdb);//--set vcomh
   \   000000EC   0x20DB             MOVS     R0,#+219
   \   000000EE   0x.... 0x....      BL       Oled_WrCmd
    196            Oled_WrCmd(0x40);//Set VCOM Deselect Level
   \   000000F2   0x2040             MOVS     R0,#+64
   \   000000F4   0x.... 0x....      BL       Oled_WrCmd
    197            Oled_WrCmd(0x20);//-Set Page Addressing Mode (0x00/0x01/0x02)
   \   000000F8   0x2020             MOVS     R0,#+32
   \   000000FA   0x.... 0x....      BL       Oled_WrCmd
    198            Oled_WrCmd(0x02);//
   \   000000FE   0x2002             MOVS     R0,#+2
   \   00000100   0x.... 0x....      BL       Oled_WrCmd
    199            Oled_WrCmd(0x8d);//--set Charge Pump enable/disable
   \   00000104   0x208D             MOVS     R0,#+141
   \   00000106   0x.... 0x....      BL       Oled_WrCmd
    200            Oled_WrCmd(0x14);//--set(0x10) disable
   \   0000010A   0x2014             MOVS     R0,#+20
   \   0000010C   0x.... 0x....      BL       Oled_WrCmd
    201            Oled_WrCmd(0xa4);// Disable Entire Display On (0xa4/0xa5)
   \   00000110   0x20A4             MOVS     R0,#+164
   \   00000112   0x.... 0x....      BL       Oled_WrCmd
    202            Oled_WrCmd(0xa6);// Disable Inverse Display On (0xa6/a7) 
   \   00000116   0x20A6             MOVS     R0,#+166
   \   00000118   0x.... 0x....      BL       Oled_WrCmd
    203            Oled_WrCmd(0xaf);//--turn on oled panel
   \   0000011C   0x20AF             MOVS     R0,#+175
   \   0000011E   0x.... 0x....      BL       Oled_WrCmd
    204            Oled_Clear(); 
   \   00000122   0x.... 0x....      BL       Oled_Clear
    205            Oled_Set_Pos(0,0);  
   \   00000126   0x2100             MOVS     R1,#+0
   \   00000128   0x2000             MOVS     R0,#+0
   \   0000012A   0x.... 0x....      BL       Oled_Set_Pos
    206          	
    207          
    208          } 
   \   0000012E   0xBD01             POP      {R0,PC}          ;; return
    209          
    210          
    211          
    212          // --- Basic Driver ---
    213          

   \                                 In section .text, align 2, keep-with-next
    214          void Oled_DLY_ms(uint16 ms)
    215          {                         
   \                     Oled_DLY_ms: (+1)
   \   00000000   0xE007             B.N      ??Oled_DLY_ms_0
    216            uint16 a;
    217            while(ms)
    218            {
    219              a=1335;
   \                     ??Oled_DLY_ms_1: (+1)
   \   00000002   0xF240 0x5137      MOVW     R1,#+1335
    220              while(a--);
   \                     ??Oled_DLY_ms_2: (+1)
   \   00000006   0x000A             MOVS     R2,R1
   \   00000008   0x1E51             SUBS     R1,R2,#+1
   \   0000000A   0xB292             UXTH     R2,R2            ;; ZeroExt  R2,R2,#+16,#+16
   \   0000000C   0x2A00             CMP      R2,#+0
   \   0000000E   0xD1FA             BNE.N    ??Oled_DLY_ms_2
    221              ms--;
   \   00000010   0x1E40             SUBS     R0,R0,#+1
    222            }
   \                     ??Oled_DLY_ms_0: (+1)
   \   00000012   0xB280             UXTH     R0,R0            ;; ZeroExt  R0,R0,#+16,#+16
   \   00000014   0x2800             CMP      R0,#+0
   \   00000016   0xD1F4             BNE.N    ??Oled_DLY_ms_1
    223            return;
   \   00000018   0x4770             BX       LR               ;; return
    224          }
    225          

   \                                 In section .text, align 4, keep-with-next
    226          void Oled_WrDat(uint8 data)
    227          {
   \                     Oled_WrDat: (+1)
   \   00000000   0xB538             PUSH     {R3-R5,LR}
   \   00000002   0x0004             MOVS     R4,R0
    228            uint8 i=8;
   \   00000004   0x2508             MOVS     R5,#+8
    229            //Oled_CS(0);;
    230            Oled_DC(1);;
   \   00000006   0x2001             MOVS     R0,#+1
   \   00000008   0x.... 0x....      BL       Oled_DC
    231            Oled_SCL(0);;   ;
   \   0000000C   0x2000             MOVS     R0,#+0
   \   0000000E   0x.... 0x....      BL       Oled_SCL
   \   00000012   0xE012             B.N      ??Oled_WrDat_0
    232            while(i--)
    233            {
    234              if(data&1){
    235                Oled_SDA(1);asm("nop");asm("nop");
    236              }
    237              else{
    238                Oled_SDA(0);asm("nop");asm("nop");
   \                     ??Oled_WrDat_1: (+1)
   \   00000014   0x2000             MOVS     R0,#+0
   \   00000016   0x.... 0x....      BL       Oled_SDA
   \   0000001A   0xBF00             nop
   \   0000001C   0xBF00             nop
    239              }
    240              Oled_SCL(1); 
   \                     ??Oled_WrDat_2: (+1)
   \   0000001E   0x2001             MOVS     R0,#+1
   \   00000020   0x.... 0x....      BL       Oled_SCL
    241              asm("nop");asm("nop");asm("nop");asm("nop");        
   \   00000024   0xBF00             nop
   \   00000026   0xBF00             nop
   \   00000028   0xBF00             nop
   \   0000002A   0xBF00             nop
    242              Oled_SCL(0);; 
   \   0000002C   0x2000             MOVS     R0,#+0
   \   0000002E   0x.... 0x....      BL       Oled_SCL
    243              asm("nop");asm("nop");
   \   00000032   0xBF00             nop
   \   00000034   0xBF00             nop
    244              data>>=1;;    
   \   00000036   0xB2E4             UXTB     R4,R4            ;; ZeroExt  R4,R4,#+24,#+24
   \   00000038   0x0864             LSRS     R4,R4,#+1
   \                     ??Oled_WrDat_0: (+1)
   \   0000003A   0x0028             MOVS     R0,R5
   \   0000003C   0x1E45             SUBS     R5,R0,#+1
   \   0000003E   0xB2C0             UXTB     R0,R0            ;; ZeroExt  R0,R0,#+24,#+24
   \   00000040   0x2800             CMP      R0,#+0
   \   00000042   0xD007             BEQ.N    ??Oled_WrDat_3
   \   00000044   0x07E0             LSLS     R0,R4,#+31
   \   00000046   0xD5E5             BPL.N    ??Oled_WrDat_1
   \   00000048   0x2001             MOVS     R0,#+1
   \   0000004A   0x.... 0x....      BL       Oled_SDA
   \   0000004E   0xBF00             nop
   \   00000050   0xBF00             nop
   \   00000052   0xE7E4             B.N      ??Oled_WrDat_2
    245            }
    246            //Oled_CS=1;
    247          }
   \                     ??Oled_WrDat_3: (+1)
   \   00000054   0xBD31             POP      {R0,R4,R5,PC}    ;; return
    248          

   \                                 In section .text, align 4, keep-with-next
    249          void Oled_WrCmd(uint8 cmd)
    250          {
   \                     Oled_WrCmd: (+1)
   \   00000000   0xB538             PUSH     {R3-R5,LR}
   \   00000002   0x0004             MOVS     R4,R0
    251            uint8 i=8;
   \   00000004   0x2508             MOVS     R5,#+8
    252            
    253            //Oled_CS(0);;
    254            Oled_DC(0);;
   \   00000006   0x2000             MOVS     R0,#+0
   \   00000008   0x.... 0x....      BL       Oled_DC
    255            Oled_SCL(0);;
   \   0000000C   0x2000             MOVS     R0,#+0
   \   0000000E   0x.... 0x....      BL       Oled_SCL
   \   00000012   0xE00B             B.N      ??Oled_WrCmd_0
    256            //asm("nop");   
    257            while(i--)
    258            {
    259              if(cmd&0x80){Oled_SDA(1);;}
    260              else{Oled_SDA(0);;}
   \                     ??Oled_WrCmd_1: (+1)
   \   00000014   0x2000             MOVS     R0,#+0
   \   00000016   0x.... 0x....      BL       Oled_SDA
    261              Oled_SCL(1);;
   \                     ??Oled_WrCmd_2: (+1)
   \   0000001A   0x2001             MOVS     R0,#+1
   \   0000001C   0x.... 0x....      BL       Oled_SCL
    262              asm("nop");asm("nop");     
   \   00000020   0xBF00             nop
   \   00000022   0xBF00             nop
    263              Oled_SCL(0);;    
   \   00000024   0x2000             MOVS     R0,#+0
   \   00000026   0x.... 0x....      BL       Oled_SCL
    264              cmd<<=1;;   
   \   0000002A   0x0064             LSLS     R4,R4,#+1
   \                     ??Oled_WrCmd_0: (+1)
   \   0000002C   0x0028             MOVS     R0,R5
   \   0000002E   0x1E45             SUBS     R5,R0,#+1
   \   00000030   0xB2C0             UXTB     R0,R0            ;; ZeroExt  R0,R0,#+24,#+24
   \   00000032   0x2800             CMP      R0,#+0
   \   00000034   0xD005             BEQ.N    ??Oled_WrCmd_3
   \   00000036   0x0620             LSLS     R0,R4,#+24
   \   00000038   0xD5EC             BPL.N    ??Oled_WrCmd_1
   \   0000003A   0x2001             MOVS     R0,#+1
   \   0000003C   0x.... 0x....      BL       Oled_SDA
   \   00000040   0xE7EB             B.N      ??Oled_WrCmd_2
    265            }
    266            //Oled_CS=1;
    267          }
   \                     ??Oled_WrCmd_3: (+1)
   \   00000042   0xBD31             POP      {R0,R4,R5,PC}    ;; return

   \                                 In section .text, align 2, keep-with-next
    268          void Oled_Set_Pos(uint8 x, uint8 y)
    269          { 
   \                     Oled_Set_Pos: (+1)
   \   00000000   0xB538             PUSH     {R3-R5,LR}
    270            uint8 xt,msb,lsb;
    271            //Oled_WrCmd(0xb0+y);
    272            //Oled_WrCmd(((x&0xf0)>>4)|0x10);
    273            //Oled_WrCmd((x&0x0f)|0x01); 
    274            xt = 1 + x * 6;
   \   00000002   0xB2C0             UXTB     R0,R0            ;; ZeroExt  R0,R0,#+24,#+24
   \   00000004   0x2206             MOVS     R2,#+6
   \   00000006   0x4350             MULS     R0,R2,R0
   \   00000008   0x1C40             ADDS     R0,R0,#+1
    275            lsb = xt % 16;
   \   0000000A   0xB2C0             UXTB     R0,R0            ;; ZeroExt  R0,R0,#+24,#+24
   \   0000000C   0x2210             MOVS     R2,#+16
   \   0000000E   0xFB90 0xF5F2      SDIV     R5,R0,R2
   \   00000012   0xFB05 0x0512      MLS      R5,R5,R2,R0
    276            msb = xt / 16 + 0x10;
   \   00000016   0xB2C0             UXTB     R0,R0            ;; ZeroExt  R0,R0,#+24,#+24
   \   00000018   0x2210             MOVS     R2,#+16
   \   0000001A   0xFB90 0xF0F2      SDIV     R0,R0,R2
   \   0000001E   0xF110 0x0410      ADDS     R4,R0,#+16
    277            Oled_WrCmd(0xb0 + y);
   \   00000022   0xF1B1 0x0050      SUBS     R0,R1,#+80
   \   00000026   0xB2C0             UXTB     R0,R0            ;; ZeroExt  R0,R0,#+24,#+24
   \   00000028   0x.... 0x....      BL       Oled_WrCmd
    278            Oled_WrCmd(lsb);
   \   0000002C   0x0028             MOVS     R0,R5
   \   0000002E   0xB2C0             UXTB     R0,R0            ;; ZeroExt  R0,R0,#+24,#+24
   \   00000030   0x.... 0x....      BL       Oled_WrCmd
    279            Oled_WrCmd(msb); 
   \   00000034   0x0020             MOVS     R0,R4
   \   00000036   0xB2C0             UXTB     R0,R0            ;; ZeroExt  R0,R0,#+24,#+24
   \   00000038   0x.... 0x....      BL       Oled_WrCmd
    280          } 
   \   0000003C   0xBD31             POP      {R0,R4,R5,PC}    ;; return
    281          
    282          // --- Hardware Interface ---
    283          

   \                                 In section .text, align 2, keep-with-next
    284          void Oled_SCL(u8 x){                     //d0
    285            if(x)
   \                     Oled_SCL: (+1)
   \   00000000   0xB2C0             UXTB     R0,R0            ;; ZeroExt  R0,R0,#+24,#+24
   \   00000002   0x2800             CMP      R0,#+0
   \   00000004   0xD006             BEQ.N    ??Oled_SCL_0
    286              PTC->PSOR |= 1<<15;
   \   00000006   0x....             LDR.N    R0,??DataTable5_6  ;; 0x400ff084
   \   00000008   0x6800             LDR      R0,[R0, #+0]
   \   0000000A   0xF450 0x4000      ORRS     R0,R0,#0x8000
   \   0000000E   0x....             LDR.N    R1,??DataTable5_6  ;; 0x400ff084
   \   00000010   0x6008             STR      R0,[R1, #+0]
   \   00000012   0xE005             B.N      ??Oled_SCL_1
    287            else
    288              PTC->PCOR |= 1<<15;
   \                     ??Oled_SCL_0: (+1)
   \   00000014   0x....             LDR.N    R0,??DataTable5_7  ;; 0x400ff088
   \   00000016   0x6800             LDR      R0,[R0, #+0]
   \   00000018   0xF450 0x4000      ORRS     R0,R0,#0x8000
   \   0000001C   0x....             LDR.N    R1,??DataTable5_7  ;; 0x400ff088
   \   0000001E   0x6008             STR      R0,[R1, #+0]
    289          }
   \                     ??Oled_SCL_1: (+1)
   \   00000020   0x4770             BX       LR               ;; return

   \                                 In section .text, align 2, keep-with-next
    290          void Oled_SDA(u8 x){                             //d1
    291            if(x)
   \                     Oled_SDA: (+1)
   \   00000000   0xB2C0             UXTB     R0,R0            ;; ZeroExt  R0,R0,#+24,#+24
   \   00000002   0x2800             CMP      R0,#+0
   \   00000004   0xD006             BEQ.N    ??Oled_SDA_0
    292              PTC->PSOR |= 1<<14;
   \   00000006   0x....             LDR.N    R0,??DataTable5_6  ;; 0x400ff084
   \   00000008   0x6800             LDR      R0,[R0, #+0]
   \   0000000A   0xF450 0x4080      ORRS     R0,R0,#0x4000
   \   0000000E   0x....             LDR.N    R1,??DataTable5_6  ;; 0x400ff084
   \   00000010   0x6008             STR      R0,[R1, #+0]
   \   00000012   0xE005             B.N      ??Oled_SDA_1
    293            else
    294              PTC->PCOR |= 1<<14;
   \                     ??Oled_SDA_0: (+1)
   \   00000014   0x....             LDR.N    R0,??DataTable5_7  ;; 0x400ff088
   \   00000016   0x6800             LDR      R0,[R0, #+0]
   \   00000018   0xF450 0x4080      ORRS     R0,R0,#0x4000
   \   0000001C   0x....             LDR.N    R1,??DataTable5_7  ;; 0x400ff088
   \   0000001E   0x6008             STR      R0,[R1, #+0]
    295          }
   \                     ??Oled_SDA_1: (+1)
   \   00000020   0x4770             BX       LR               ;; return

   \                                 In section .text, align 2, keep-with-next
    296          void Oled_RST(u8 x){                     //res
    297            if(x)
   \                     Oled_RST: (+1)
   \   00000000   0xB2C0             UXTB     R0,R0            ;; ZeroExt  R0,R0,#+24,#+24
   \   00000002   0x2800             CMP      R0,#+0
   \   00000004   0xD006             BEQ.N    ??Oled_RST_0
    298              PTC->PSOR |= 1<<13;
   \   00000006   0x....             LDR.N    R0,??DataTable5_6  ;; 0x400ff084
   \   00000008   0x6800             LDR      R0,[R0, #+0]
   \   0000000A   0xF450 0x5000      ORRS     R0,R0,#0x2000
   \   0000000E   0x....             LDR.N    R1,??DataTable5_6  ;; 0x400ff084
   \   00000010   0x6008             STR      R0,[R1, #+0]
   \   00000012   0xE005             B.N      ??Oled_RST_1
    299            else
    300              PTC->PCOR |= 1<<13;
   \                     ??Oled_RST_0: (+1)
   \   00000014   0x....             LDR.N    R0,??DataTable5_7  ;; 0x400ff088
   \   00000016   0x6800             LDR      R0,[R0, #+0]
   \   00000018   0xF450 0x5000      ORRS     R0,R0,#0x2000
   \   0000001C   0x....             LDR.N    R1,??DataTable5_7  ;; 0x400ff088
   \   0000001E   0x6008             STR      R0,[R1, #+0]
    301          }
   \                     ??Oled_RST_1: (+1)
   \   00000020   0x4770             BX       LR               ;; return

   \                                 In section .text, align 2, keep-with-next
    302          void Oled_DC(u8 x){                      //dc
    303            if(x)
   \                     Oled_DC: (+1)
   \   00000000   0xB2C0             UXTB     R0,R0            ;; ZeroExt  R0,R0,#+24,#+24
   \   00000002   0x2800             CMP      R0,#+0
   \   00000004   0xD006             BEQ.N    ??Oled_DC_0
    304              PTC->PSOR |= 1<<12;
   \   00000006   0x....             LDR.N    R0,??DataTable5_6  ;; 0x400ff084
   \   00000008   0x6800             LDR      R0,[R0, #+0]
   \   0000000A   0xF450 0x5080      ORRS     R0,R0,#0x1000
   \   0000000E   0x....             LDR.N    R1,??DataTable5_6  ;; 0x400ff084
   \   00000010   0x6008             STR      R0,[R1, #+0]
   \   00000012   0xE005             B.N      ??Oled_DC_1
    305            else
    306              PTC->PCOR |= 1<<12;
   \                     ??Oled_DC_0: (+1)
   \   00000014   0x....             LDR.N    R0,??DataTable5_7  ;; 0x400ff088
   \   00000016   0x6800             LDR      R0,[R0, #+0]
   \   00000018   0xF450 0x5080      ORRS     R0,R0,#0x1000
   \   0000001C   0x....             LDR.N    R1,??DataTable5_7  ;; 0x400ff088
   \   0000001E   0x6008             STR      R0,[R1, #+0]
    307          }
   \                     ??Oled_DC_1: (+1)
   \   00000020   0x4770             BX       LR               ;; return
    308          
    309          

   \                                 In section .rodata, align 4
    310          const uint8 F6x8[][6] =
   \                     F6x8:
   \   00000000   0x00 0x00          DC8 0, 0, 0, 0, 0, 0, 0, 0, 0, 47, 0, 0, 0, 0, 7, 0, 7, 0, 0, 20, 127
   \              0x00 0x00    
   \              0x00 0x00    
   \              0x00 0x00    
   \              0x00 0x2F    
   \              0x00 0x00    
   \              0x00 0x00    
   \              0x07 0x00    
   \              0x07 0x00    
   \              0x00 0x14    
   \              0x7F         
   \   00000015   0x14 0x7F          DC8 20, 127, 20, 0, 36, 42, 127, 42, 18, 0, 98, 100, 8, 19, 35, 0, 54
   \              0x14 0x00    
   \              0x24 0x2A    
   \              0x7F 0x2A    
   \              0x12 0x00    
   \              0x62 0x64    
   \              0x08 0x13    
   \              0x23 0x00    
   \              0x36         
   \   00000026   0x49 0x55          DC8 73, 85, 34, 80, 0, 0, 5, 3, 0, 0, 0, 0, 28, 34, 65, 0, 0, 0, 65, 34
   \              0x22 0x50    
   \              0x00 0x00    
   \              0x05 0x03    
   \              0x00 0x00    
   \              0x00 0x00    
   \              0x1C 0x22    
   \              0x41 0x00    
   \              0x00 0x00    
   \              0x41 0x22    
   \   0000003A   0x1C 0x00          DC8 28, 0, 0, 20, 8, 62, 8, 20, 0, 8, 8, 62, 8, 8, 0, 0, 0, 160, 96, 0
   \              0x00 0x14    
   \              0x08 0x3E    
   \              0x08 0x14    
   \              0x00 0x08    
   \              0x08 0x3E    
   \              0x08 0x08    
   \              0x00 0x00    
   \              0x00 0xA0    
   \              0x60 0x00    
   \   0000004E   0x00 0x08          DC8 0, 8, 8, 8, 8, 8, 0, 0, 96, 96, 0, 0, 0, 32, 16, 8, 4, 2, 0, 62, 81
   \              0x08 0x08    
   \              0x08 0x08    
   \              0x00 0x00    
   \              0x60 0x60    
   \              0x00 0x00    
   \              0x00 0x20    
   \              0x10 0x08    
   \              0x04 0x02    
   \              0x00 0x3E    
   \              0x51         
   \   00000063   0x49 0x45          DC8 73, 69, 62, 0, 0, 66, 127, 64, 0, 0, 66, 97, 81, 73, 70, 0, 33, 65
   \              0x3E 0x00    
   \              0x00 0x42    
   \              0x7F 0x40    
   \              0x00 0x00    
   \              0x42 0x61    
   \              0x51 0x49    
   \              0x46 0x00    
   \              0x21 0x41    
   \   00000075   0x45 0x4B          DC8 69, 75, 49, 0, 24, 20, 18, 127, 16, 0, 39, 69, 69, 69, 57, 0, 60
   \              0x31 0x00    
   \              0x18 0x14    
   \              0x12 0x7F    
   \              0x10 0x00    
   \              0x27 0x45    
   \              0x45 0x45    
   \              0x39 0x00    
   \              0x3C         
   \   00000086   0x4A 0x49          DC8 74, 73, 73, 48, 0, 1, 113, 9, 5, 3, 0, 54, 73, 73, 73, 54, 0, 6, 73
   \              0x49 0x30    
   \              0x00 0x01    
   \              0x71 0x09    
   \              0x05 0x03    
   \              0x00 0x36    
   \              0x49 0x49    
   \              0x49 0x36    
   \              0x00 0x06    
   \              0x49         
   \   00000099   0x49 0x29          DC8 73, 41, 30, 0, 0, 54, 54, 0, 0, 0, 0, 86, 54, 0, 0, 0, 8, 20, 34
   \              0x1E 0x00    
   \              0x00 0x36    
   \              0x36 0x00    
   \              0x00 0x00    
   \              0x00 0x56    
   \              0x36 0x00    
   \              0x00 0x00    
   \              0x08 0x14    
   \              0x22         
   \   000000AC   0x41 0x00          DC8 65, 0, 0, 20, 20, 20, 20, 20, 0, 0, 65, 34, 20, 8, 0, 2, 1, 81, 9
   \              0x00 0x14    
   \              0x14 0x14    
   \              0x14 0x14    
   \              0x00 0x00    
   \              0x41 0x22    
   \              0x14 0x08    
   \              0x00 0x02    
   \              0x01 0x51    
   \              0x09         
   \   000000BF   0x06 0x00          DC8 6, 0, 50, 73, 89, 81, 62, 0, 124, 18, 17, 18, 124, 0, 127, 73, 73
   \              0x32 0x49    
   \              0x59 0x51    
   \              0x3E 0x00    
   \              0x7C 0x12    
   \              0x11 0x12    
   \              0x7C 0x00    
   \              0x7F 0x49    
   \              0x49         
   \   000000D0   0x49 0x36          DC8 73, 54, 0, 62, 65, 65, 65, 34, 0, 127, 65, 65, 34, 28, 0, 127, 73
   \              0x00 0x3E    
   \              0x41 0x41    
   \              0x41 0x22    
   \              0x00 0x7F    
   \              0x41 0x41    
   \              0x22 0x1C    
   \              0x00 0x7F    
   \              0x49         
   \   000000E1   0x49 0x49          DC8 73, 73, 65, 0, 127, 9, 9, 9, 1, 0, 62, 65, 73, 73, 122, 0, 127, 8
   \              0x41 0x00    
   \              0x7F 0x09    
   \              0x09 0x09    
   \              0x01 0x00    
   \              0x3E 0x41    
   \              0x49 0x49    
   \              0x7A 0x00    
   \              0x7F 0x08    
   \   000000F3   0x08 0x08          DC8 8, 8, 127, 0, 0, 65, 127, 65, 0, 0, 32, 64, 65, 63, 1, 0, 127, 8
   \              0x7F 0x00    
   \              0x00 0x41    
   \              0x7F 0x41    
   \              0x00 0x00    
   \              0x20 0x40    
   \              0x41 0x3F    
   \              0x01 0x00    
   \              0x7F 0x08    
   \   00000105   0x14 0x22          DC8 20, 34, 65, 0, 127, 64, 64, 64, 64, 0, 127, 2, 12, 2, 127, 0, 127
   \              0x41 0x00    
   \              0x7F 0x40    
   \              0x40 0x40    
   \              0x40 0x00    
   \              0x7F 0x02    
   \              0x0C 0x02    
   \              0x7F 0x00    
   \              0x7F         
   \   00000116   0x04 0x08          DC8 4, 8, 16, 127, 0, 62, 65, 65, 65, 62, 0, 127, 9, 9, 9, 6, 0, 62, 65
   \              0x10 0x7F    
   \              0x00 0x3E    
   \              0x41 0x41    
   \              0x41 0x3E    
   \              0x00 0x7F    
   \              0x09 0x09    
   \              0x09 0x06    
   \              0x00 0x3E    
   \              0x41         
   \   00000129   0x51 0x21          DC8 81, 33, 94, 0, 127, 9, 25, 41, 70, 0, 70, 73, 73, 73, 49, 0, 1, 1
   \              0x5E 0x00    
   \              0x7F 0x09    
   \              0x19 0x29    
   \              0x46 0x00    
   \              0x46 0x49    
   \              0x49 0x49    
   \              0x31 0x00    
   \              0x01 0x01    
   \   0000013B   0x7F 0x01          DC8 127, 1, 1, 0, 63, 64, 64, 64, 63, 0, 31, 32, 64, 32, 31, 0, 63, 64
   \              0x01 0x00    
   \              0x3F 0x40    
   \              0x40 0x40    
   \              0x3F 0x00    
   \              0x1F 0x20    
   \              0x40 0x20    
   \              0x1F 0x00    
   \              0x3F 0x40    
   \   0000014D   0x38 0x40          DC8 56, 64, 63, 0, 99, 20, 8, 20, 99, 0, 7, 8, 112, 8, 7, 0, 97, 81, 73
   \              0x3F 0x00    
   \              0x63 0x14    
   \              0x08 0x14    
   \              0x63 0x00    
   \              0x07 0x08    
   \              0x70 0x08    
   \              0x07 0x00    
   \              0x61 0x51    
   \              0x49         
   \   00000160   0x45 0x43          DC8 69, 67, 0, 0, 127, 65, 65, 0, 0, 85, 42, 85, 42, 85, 0, 0, 65, 65
   \              0x00 0x00    
   \              0x7F 0x41    
   \              0x41 0x00    
   \              0x00 0x55    
   \              0x2A 0x55    
   \              0x2A 0x55    
   \              0x00 0x00    
   \              0x41 0x41    
   \   00000172   0x7F 0x00          DC8 127, 0, 0, 4, 2, 1, 2, 4, 0, 64, 64, 64, 64, 64, 0, 0, 1, 2, 4, 0
   \              0x00 0x04    
   \              0x02 0x01    
   \              0x02 0x04    
   \              0x00 0x40    
   \              0x40 0x40    
   \              0x40 0x40    
   \              0x00 0x00    
   \              0x01 0x02    
   \              0x04 0x00    
   \   00000186   0x00 0x20          DC8 0, 32, 84, 84, 84, 120, 0, 127, 72, 68, 68, 56, 0, 56, 68, 68, 68
   \              0x54 0x54    
   \              0x54 0x78    
   \              0x00 0x7F    
   \              0x48 0x44    
   \              0x44 0x38    
   \              0x00 0x38    
   \              0x44 0x44    
   \              0x44         
   \   00000197   0x20 0x00          DC8 32, 0, 56, 68, 68, 72, 127, 0, 56, 84, 84, 84, 24, 0, 8, 126, 9, 1
   \              0x38 0x44    
   \              0x44 0x48    
   \              0x7F 0x00    
   \              0x38 0x54    
   \              0x54 0x54    
   \              0x18 0x00    
   \              0x08 0x7E    
   \              0x09 0x01    
   \   000001A9   0x02 0x00          DC8 2, 0, 24, 164, 164, 164, 124, 0, 127, 8, 4, 4, 120, 0, 0, 68, 125
   \              0x18 0xA4    
   \              0xA4 0xA4    
   \              0x7C 0x00    
   \              0x7F 0x08    
   \              0x04 0x04    
   \              0x78 0x00    
   \              0x00 0x44    
   \              0x7D         
   \   000001BA   0x40 0x00          DC8 64, 0, 0, 64, 128, 132, 125, 0, 0, 127, 16, 40, 68, 0, 0, 0, 65
   \              0x00 0x40    
   \              0x80 0x84    
   \              0x7D 0x00    
   \              0x00 0x7F    
   \              0x10 0x28    
   \              0x44 0x00    
   \              0x00 0x00    
   \              0x41         
   \   000001CB   0x7F 0x40          DC8 127, 64, 0, 0, 124, 4, 24, 4, 120, 0, 124, 8, 4, 4, 120, 0, 56, 68
   \              0x00 0x00    
   \              0x7C 0x04    
   \              0x18 0x04    
   \              0x78 0x00    
   \              0x7C 0x08    
   \              0x04 0x04    
   \              0x78 0x00    
   \              0x38 0x44    
   \   000001DD   0x44 0x44          DC8 68, 68, 56, 0, 252, 36, 36, 36, 24, 0, 24, 36, 36, 24, 252, 0, 124
   \              0x38 0x00    
   \              0xFC 0x24    
   \              0x24 0x24    
   \              0x18 0x00    
   \              0x18 0x24    
   \              0x24 0x18    
   \              0xFC 0x00    
   \              0x7C         
   \   000001EE   0x08 0x04          DC8 8, 4, 4, 8, 0, 72, 84, 84, 84, 32, 0, 4, 63, 68, 64, 32, 0, 60, 64
   \              0x04 0x08    
   \              0x00 0x48    
   \              0x54 0x54    
   \              0x54 0x20    
   \              0x00 0x04    
   \              0x3F 0x44    
   \              0x40 0x20    
   \              0x00 0x3C    
   \              0x40         
   \   00000201   0x40 0x20          DC8 64, 32, 124, 0, 28, 32, 64, 32, 28, 0, 60, 64, 48, 64, 60, 0, 68
   \              0x7C 0x00    
   \              0x1C 0x20    
   \              0x40 0x20    
   \              0x1C 0x00    
   \              0x3C 0x40    
   \              0x30 0x40    
   \              0x3C 0x00    
   \              0x44         
   \   00000212   0x28 0x10          DC8 40, 16, 40, 68, 0, 28, 160, 160, 160, 124, 0, 68, 100, 84, 76, 68
   \              0x28 0x44    
   \              0x00 0x1C    
   \              0xA0 0xA0    
   \              0xA0 0x7C    
   \              0x00 0x44    
   \              0x64 0x54    
   \              0x4C 0x44    
   \   00000222   0x14 0x14          DC8 20, 20, 20, 20, 20, 20
   \              0x14 0x14    
   \              0x14 0x14    

   \                                 In section .text, align 4, keep-with-next
   \                     ??DataTable5:
   \   00000000   0x........         DC32     F6x8

   \                                 In section .text, align 4, keep-with-next
   \                     ??DataTable5_1:
   \   00000000   0x4004B030         DC32     0x4004b030

   \                                 In section .text, align 4, keep-with-next
   \                     ??DataTable5_2:
   \   00000000   0x4004B034         DC32     0x4004b034

   \                                 In section .text, align 4, keep-with-next
   \                     ??DataTable5_3:
   \   00000000   0x4004B038         DC32     0x4004b038

   \                                 In section .text, align 4, keep-with-next
   \                     ??DataTable5_4:
   \   00000000   0x4004B03C         DC32     0x4004b03c

   \                                 In section .text, align 4, keep-with-next
   \                     ??DataTable5_5:
   \   00000000   0x400FF094         DC32     0x400ff094

   \                                 In section .text, align 4, keep-with-next
   \                     ??DataTable5_6:
   \   00000000   0x400FF084         DC32     0x400ff084

   \                                 In section .text, align 4, keep-with-next
   \                     ??DataTable5_7:
   \   00000000   0x400FF088         DC32     0x400ff088
    311          {
    312              { 0x00, 0x00, 0x00, 0x00, 0x00, 0x00 },   // sp
    313              { 0x00, 0x00, 0x00, 0x2f, 0x00, 0x00 },   // !
    314              { 0x00, 0x00, 0x07, 0x00, 0x07, 0x00 },   // "
    315              { 0x00, 0x14, 0x7f, 0x14, 0x7f, 0x14 },   // #
    316              { 0x00, 0x24, 0x2a, 0x7f, 0x2a, 0x12 },   // $
    317              { 0x00, 0x62, 0x64, 0x08, 0x13, 0x23 },   // %
    318              { 0x00, 0x36, 0x49, 0x55, 0x22, 0x50 },   // &
    319              { 0x00, 0x00, 0x05, 0x03, 0x00, 0x00 },   // '
    320              { 0x00, 0x00, 0x1c, 0x22, 0x41, 0x00 },   // (
    321              { 0x00, 0x00, 0x41, 0x22, 0x1c, 0x00 },   // )
    322              { 0x00, 0x14, 0x08, 0x3E, 0x08, 0x14 },   // *
    323              { 0x00, 0x08, 0x08, 0x3E, 0x08, 0x08 },   // +
    324              { 0x00, 0x00, 0x00, 0xA0, 0x60, 0x00 },   // ,
    325              { 0x00, 0x08, 0x08, 0x08, 0x08, 0x08 },   // -
    326              { 0x00, 0x00, 0x60, 0x60, 0x00, 0x00 },   // .
    327              { 0x00, 0x20, 0x10, 0x08, 0x04, 0x02 },   // /
    328              { 0x00, 0x3E, 0x51, 0x49, 0x45, 0x3E },   // 0 16
    329              { 0x00, 0x00, 0x42, 0x7F, 0x40, 0x00 },   // 1
    330              { 0x00, 0x42, 0x61, 0x51, 0x49, 0x46 },   // 2
    331              { 0x00, 0x21, 0x41, 0x45, 0x4B, 0x31 },   // 3
    332              { 0x00, 0x18, 0x14, 0x12, 0x7F, 0x10 },   // 4
    333              { 0x00, 0x27, 0x45, 0x45, 0x45, 0x39 },   // 5
    334              { 0x00, 0x3C, 0x4A, 0x49, 0x49, 0x30 },   // 6
    335              { 0x00, 0x01, 0x71, 0x09, 0x05, 0x03 },   // 7
    336              { 0x00, 0x36, 0x49, 0x49, 0x49, 0x36 },   // 8
    337              { 0x00, 0x06, 0x49, 0x49, 0x29, 0x1E },   // 9
    338              { 0x00, 0x00, 0x36, 0x36, 0x00, 0x00 },   // :
    339              { 0x00, 0x00, 0x56, 0x36, 0x00, 0x00 },   // ;
    340              { 0x00, 0x08, 0x14, 0x22, 0x41, 0x00 },   // <
    341              { 0x00, 0x14, 0x14, 0x14, 0x14, 0x14 },   // =
    342              { 0x00, 0x00, 0x41, 0x22, 0x14, 0x08 },   // >
    343              { 0x00, 0x02, 0x01, 0x51, 0x09, 0x06 },   // ?
    344              { 0x00, 0x32, 0x49, 0x59, 0x51, 0x3E },   // @
    345              { 0x00, 0x7C, 0x12, 0x11, 0x12, 0x7C },   // A
    346              { 0x00, 0x7F, 0x49, 0x49, 0x49, 0x36 },   // B
    347              { 0x00, 0x3E, 0x41, 0x41, 0x41, 0x22 },   // C
    348              { 0x00, 0x7F, 0x41, 0x41, 0x22, 0x1C },   // D
    349              { 0x00, 0x7F, 0x49, 0x49, 0x49, 0x41 },   // E
    350              { 0x00, 0x7F, 0x09, 0x09, 0x09, 0x01 },   // F
    351              { 0x00, 0x3E, 0x41, 0x49, 0x49, 0x7A },   // G
    352              { 0x00, 0x7F, 0x08, 0x08, 0x08, 0x7F },   // H
    353              { 0x00, 0x00, 0x41, 0x7F, 0x41, 0x00 },   // I
    354              { 0x00, 0x20, 0x40, 0x41, 0x3F, 0x01 },   // J
    355              { 0x00, 0x7F, 0x08, 0x14, 0x22, 0x41 },   // K
    356              { 0x00, 0x7F, 0x40, 0x40, 0x40, 0x40 },   // L
    357              { 0x00, 0x7F, 0x02, 0x0C, 0x02, 0x7F },   // M
    358              { 0x00, 0x7F, 0x04, 0x08, 0x10, 0x7F },   // N
    359              { 0x00, 0x3E, 0x41, 0x41, 0x41, 0x3E },   // O
    360              { 0x00, 0x7F, 0x09, 0x09, 0x09, 0x06 },   // P
    361              { 0x00, 0x3E, 0x41, 0x51, 0x21, 0x5E },   // Q
    362              { 0x00, 0x7F, 0x09, 0x19, 0x29, 0x46 },   // R
    363              { 0x00, 0x46, 0x49, 0x49, 0x49, 0x31 },   // S
    364              { 0x00, 0x01, 0x01, 0x7F, 0x01, 0x01 },   // T
    365              { 0x00, 0x3F, 0x40, 0x40, 0x40, 0x3F },   // U
    366              { 0x00, 0x1F, 0x20, 0x40, 0x20, 0x1F },   // V
    367              { 0x00, 0x3F, 0x40, 0x38, 0x40, 0x3F },   // W
    368              { 0x00, 0x63, 0x14, 0x08, 0x14, 0x63 },   // X
    369              { 0x00, 0x07, 0x08, 0x70, 0x08, 0x07 },   // Y
    370              { 0x00, 0x61, 0x51, 0x49, 0x45, 0x43 },   // Z
    371              { 0x00, 0x00, 0x7F, 0x41, 0x41, 0x00 },   // [
    372              { 0x00, 0x55, 0x2A, 0x55, 0x2A, 0x55 },   // 55
    373              { 0x00, 0x00, 0x41, 0x41, 0x7F, 0x00 },   // ]
    374              { 0x00, 0x04, 0x02, 0x01, 0x02, 0x04 },   // ^
    375              { 0x00, 0x40, 0x40, 0x40, 0x40, 0x40 },   // _
    376              { 0x00, 0x00, 0x01, 0x02, 0x04, 0x00 },   // '
    377              { 0x00, 0x20, 0x54, 0x54, 0x54, 0x78 },   // a
    378              { 0x00, 0x7F, 0x48, 0x44, 0x44, 0x38 },   // b
    379              { 0x00, 0x38, 0x44, 0x44, 0x44, 0x20 },   // c
    380              { 0x00, 0x38, 0x44, 0x44, 0x48, 0x7F },   // d
    381              { 0x00, 0x38, 0x54, 0x54, 0x54, 0x18 },   // e
    382              { 0x00, 0x08, 0x7E, 0x09, 0x01, 0x02 },   // f
    383              { 0x00, 0x18, 0xA4, 0xA4, 0xA4, 0x7C },   // g
    384              { 0x00, 0x7F, 0x08, 0x04, 0x04, 0x78 },   // h
    385              { 0x00, 0x00, 0x44, 0x7D, 0x40, 0x00 },   // i
    386              { 0x00, 0x40, 0x80, 0x84, 0x7D, 0x00 },   // j
    387              { 0x00, 0x7F, 0x10, 0x28, 0x44, 0x00 },   // k
    388              { 0x00, 0x00, 0x41, 0x7F, 0x40, 0x00 },   // l
    389              { 0x00, 0x7C, 0x04, 0x18, 0x04, 0x78 },   // m
    390              { 0x00, 0x7C, 0x08, 0x04, 0x04, 0x78 },   // n
    391              { 0x00, 0x38, 0x44, 0x44, 0x44, 0x38 },   // o
    392              { 0x00, 0xFC, 0x24, 0x24, 0x24, 0x18 },   // p
    393              { 0x00, 0x18, 0x24, 0x24, 0x18, 0xFC },   // q
    394              { 0x00, 0x7C, 0x08, 0x04, 0x04, 0x08 },   // r
    395              { 0x00, 0x48, 0x54, 0x54, 0x54, 0x20 },   // s
    396              { 0x00, 0x04, 0x3F, 0x44, 0x40, 0x20 },   // t
    397              { 0x00, 0x3C, 0x40, 0x40, 0x20, 0x7C },   // u
    398              { 0x00, 0x1C, 0x20, 0x40, 0x20, 0x1C },   // v
    399              { 0x00, 0x3C, 0x40, 0x30, 0x40, 0x3C },   // w
    400              { 0x00, 0x44, 0x28, 0x10, 0x28, 0x44 },   // x
    401              { 0x00, 0x1C, 0xA0, 0xA0, 0xA0, 0x7C },   // y
    402              { 0x00, 0x44, 0x64, 0x54, 0x4C, 0x44 },   // z
    403              { 0x14, 0x14, 0x14, 0x14, 0x14, 0x14 }    // horiz lines
    404          };

   Maximum stack usage in bytes:

   .cstack Function
   ------- --------
      16   Oled_Clear
        16   -> Oled_WrCmd
        16   -> Oled_WrDat
       0   Oled_DC
       0   Oled_DLY_ms
      32   Oled_DrawBMP
        32   -> Oled_Setxy
        32   -> Oled_WrDat
       8   Oled_Init
         8   -> Oled_Clear
         8   -> Oled_DLY_ms
         8   -> Oled_RST
         8   -> Oled_SCL
         8   -> Oled_Set_Pos
         8   -> Oled_WrCmd
     152   Oled_Printf
       152   -> Oled_Putstr
       152   -> vsprintf
      24   Oled_Putnum
        24   -> Oled_Putstr
      24   Oled_Putstr
        24   -> Oled_Set_Pos
        24   -> Oled_WrDat
       0   Oled_RST
       0   Oled_SCL
       0   Oled_SDA
      16   Oled_Set_Pos
        16   -> Oled_WrCmd
       8   Oled_Setxy
         8   -> Oled_WrCmd
      16   Oled_WrCmd
        16   -> Oled_DC
        16   -> Oled_SCL
        16   -> Oled_SDA
      16   Oled_WrDat
        16   -> Oled_DC
        16   -> Oled_SCL
        16   -> Oled_SDA


   Section sizes:

   Bytes  Function/Label
   -----  --------------
       4  ??DataTable5
       4  ??DataTable5_1
       4  ??DataTable5_2
       4  ??DataTable5_3
       4  ??DataTable5_4
       4  ??DataTable5_5
       4  ??DataTable5_6
       4  ??DataTable5_7
     552  F6x8
      56  Oled_Clear
      34  Oled_DC
      26  Oled_DLY_ms
     114  Oled_DrawBMP
     304  Oled_Init
      46  Oled_Printf
     268  Oled_Putnum
     126  Oled_Putstr
      34  Oled_RST
      34  Oled_SCL
      34  Oled_SDA
      62  Oled_Set_Pos
      44  Oled_Setxy
      68  Oled_WrCmd
      86  Oled_WrDat

 
   552 bytes in section .rodata
 1 368 bytes in section .text
 
 1 368 bytes of CODE  memory
   552 bytes of CONST memory

Errors: none
Warnings: 2
