###############################################################################
#
# IAR ANSI C/C++ Compiler V7.20.2.7424/W32 for ARM        28/Jun/2017  11:22:50
# Copyright 1999-2014 IAR Systems AB.
#
#    Cpu mode     =  thumb
#    Endian       =  little
#    Source file  =  D:\GitHub_pository\FuYing_Car2\source\UART.c
#    Command line =  
#        D:\GitHub_pository\FuYing_Car2\source\UART.c -D LPLD_K60 -lCN
#        D:\GitHub_pository\FuYing_Car2\RAM\List\ -lB
#        D:\GitHub_pository\FuYing_Car2\RAM\List\ -o
#        D:\GitHub_pository\FuYing_Car2\RAM\Obj\ --no_cse --no_unroll
#        --no_inline --no_code_motion --no_tbaa --no_clustering --no_scheduling
#        --debug --endian=little --cpu=Cortex-M4 -e --fpu=None --dlib_config
#        "C:\Program Files (x86)\IAR Systems\Embedded Workbench
#        7.0\arm\INC\c\DLib_Config_Normal.h" -I
#        D:\GitHub_pository\FuYing_Car2\..\app\ -I
#        D:\GitHub_pository\FuYing_Car2\source\ -I
#        D:\GitHub_pository\FuYing_Car2\common\ -I
#        D:\GitHub_pository\FuYing_Car2\LPLD\ -I
#        D:\GitHub_pository\FuYing_Car2\LPLD\HW\ -I
#        D:\GitHub_pository\FuYing_Car2\LPLD\DEV\ -I
#        D:\GitHub_pository\FuYing_Car2\iar_config_files\ -Ol -I "C:\Program
#        Files (x86)\IAR Systems\Embedded Workbench 7.0\arm\CMSIS\Include\" -D
#        ARM_MATH_CM4
#    List file    =  D:\GitHub_pository\FuYing_Car2\RAM\List\UART.lst
#    Object file  =  D:\GitHub_pository\FuYing_Car2\RAM\Obj\UART.o
#
###############################################################################

D:\GitHub_pository\FuYing_Car2\source\UART.c
      1          /*
      2          Arthor : Qian Qiyang (KisaragiAyanoo@twitter)
      3          Date : 2015/12/01
      4          License : MIT
      5          */
      6          
      7          #include "includes.h"

   \                                 In section .text, align 2, keep-with-next
   \   static __interwork __softfp void NVIC_EnableIRQ(IRQn_Type)
   \                     NVIC_EnableIRQ: (+1)
   \   00000000   0x2101             MOVS     R1,#+1
   \   00000002   0xF010 0x021F      ANDS     R2,R0,#0x1F
   \   00000006   0x4091             LSLS     R1,R1,R2
   \   00000008   0x....             LDR.N    R2,??DataTable7  ;; 0xe000e100
   \   0000000A   0xB240             SXTB     R0,R0            ;; SignExt  R0,R0,#+24,#+24
   \   0000000C   0x0940             LSRS     R0,R0,#+5
   \   0000000E   0xF842 0x1020      STR      R1,[R2, R0, LSL #+2]
   \   00000012   0x4770             BX       LR               ;; return

   \                                 In section .text, align 2, keep-with-next
   \   static __interwork __softfp void NVIC_SetPriority(IRQn_Type, uint32_t)
   \                     NVIC_SetPriority: (+1)
   \   00000000   0xB240             SXTB     R0,R0            ;; SignExt  R0,R0,#+24,#+24
   \   00000002   0x2800             CMP      R0,#+0
   \   00000004   0xD508             BPL.N    ??NVIC_SetPriority_0
   \   00000006   0x0109             LSLS     R1,R1,#+4
   \   00000008   0x....             LDR.N    R2,??DataTable7_1  ;; 0xe000ed18
   \   0000000A   0xB240             SXTB     R0,R0            ;; SignExt  R0,R0,#+24,#+24
   \   0000000C   0xF010 0x000F      ANDS     R0,R0,#0xF
   \   00000010   0x1880             ADDS     R0,R0,R2
   \   00000012   0xF800 0x1C04      STRB     R1,[R0, #-4]
   \   00000016   0xE003             B.N      ??NVIC_SetPriority_1
   \                     ??NVIC_SetPriority_0: (+1)
   \   00000018   0x0109             LSLS     R1,R1,#+4
   \   0000001A   0x....             LDR.N    R2,??DataTable7_2  ;; 0xe000e400
   \   0000001C   0xB240             SXTB     R0,R0            ;; SignExt  R0,R0,#+24,#+24
   \   0000001E   0x5481             STRB     R1,[R0, R2]
   \                     ??NVIC_SetPriority_1: (+1)
   \   00000020   0x4770             BX       LR               ;; return

   \                                 In section .text, align 2, keep-with-next
   \   static __interwork __softfp uint32_t NVIC_EncodePriority(uint32_t, uint32_t, uint32_t)
   \                     NVIC_EncodePriority: (+1)
   \   00000000   0xB410             PUSH     {R4}
   \   00000002   0xF010 0x0007      ANDS     R0,R0,#0x7
   \   00000006   0xF1D0 0x0307      RSBS     R3,R0,#+7
   \   0000000A   0x2B05             CMP      R3,#+5
   \   0000000C   0xD301             BCC.N    ??NVIC_EncodePriority_0
   \   0000000E   0x2304             MOVS     R3,#+4
   \   00000010   0xE001             B.N      ??NVIC_EncodePriority_1
   \                     ??NVIC_EncodePriority_0: (+1)
   \   00000012   0xF1D0 0x0307      RSBS     R3,R0,#+7
   \                     ??NVIC_EncodePriority_1: (+1)
   \   00000016   0x1D04             ADDS     R4,R0,#+4
   \   00000018   0x2C07             CMP      R4,#+7
   \   0000001A   0xD201             BCS.N    ??NVIC_EncodePriority_2
   \   0000001C   0x2000             MOVS     R0,#+0
   \   0000001E   0xE000             B.N      ??NVIC_EncodePriority_3
   \                     ??NVIC_EncodePriority_2: (+1)
   \   00000020   0x1EC0             SUBS     R0,R0,#+3
   \                     ??NVIC_EncodePriority_3: (+1)
   \   00000022   0x2401             MOVS     R4,#+1
   \   00000024   0xFA14 0xF303      LSLS     R3,R4,R3
   \   00000028   0x1E5B             SUBS     R3,R3,#+1
   \   0000002A   0x4019             ANDS     R1,R3,R1
   \   0000002C   0x4081             LSLS     R1,R1,R0
   \   0000002E   0x2301             MOVS     R3,#+1
   \   00000030   0xFA13 0xF000      LSLS     R0,R3,R0
   \   00000034   0x1E40             SUBS     R0,R0,#+1
   \   00000036   0x4010             ANDS     R0,R0,R2
   \   00000038   0x4308             ORRS     R0,R0,R1
   \   0000003A   0xBC10             POP      {R4}
   \   0000003C   0x4770             BX       LR               ;; return
      8          
      9          
     10          
     11          // === Receive ISR ===

   \                                 In section .text, align 2, keep-with-next
     12          void UART3_IRQHandler(void){
   \                     UART3_IRQHandler: (+1)
   \   00000000   0xB580             PUSH     {R7,LR}
     13             uint8 tmp = UART_GetChar();
   \   00000002   0x.... 0x....      BL       UART_GetChar
     14             if (tmp == 'a'){
   \   00000006   0xB2C0             UXTB     R0,R0            ;; ZeroExt  R0,R0,#+24,#+24
   \   00000008   0x2861             CMP      R0,#+97
   \   0000000A   0xD106             BNE.N    ??UART3_IRQHandler_0
     15               remote_state = 2;
   \   0000000C   0x2002             MOVS     R0,#+2
   \   0000000E   0x....             LDR.N    R1,??DataTable7_3
   \   00000010   0x7008             STRB     R0,[R1, #+0]
     16               UART_SendString("turn left");//
   \   00000012   0x....             LDR.N    R0,??DataTable7_4
   \   00000014   0x.... 0x....      BL       UART_SendString
   \   00000018   0xE01C             B.N      ??UART3_IRQHandler_1
     17             }else if (tmp == 'd'){
   \                     ??UART3_IRQHandler_0: (+1)
   \   0000001A   0xB2C0             UXTB     R0,R0            ;; ZeroExt  R0,R0,#+24,#+24
   \   0000001C   0x2864             CMP      R0,#+100
   \   0000001E   0xD106             BNE.N    ??UART3_IRQHandler_2
     18               remote_state = 3;
   \   00000020   0x2003             MOVS     R0,#+3
   \   00000022   0x....             LDR.N    R1,??DataTable7_3
   \   00000024   0x7008             STRB     R0,[R1, #+0]
     19               UART_SendString("turn right");//
   \   00000026   0x....             LDR.N    R0,??DataTable7_5
   \   00000028   0x.... 0x....      BL       UART_SendString
   \   0000002C   0xE012             B.N      ??UART3_IRQHandler_1
     20             }else if (tmp == 'w'){
   \                     ??UART3_IRQHandler_2: (+1)
   \   0000002E   0xB2C0             UXTB     R0,R0            ;; ZeroExt  R0,R0,#+24,#+24
   \   00000030   0x2877             CMP      R0,#+119
   \   00000032   0xD106             BNE.N    ??UART3_IRQHandler_3
     21               remote_state = 1;
   \   00000034   0x2001             MOVS     R0,#+1
   \   00000036   0x....             LDR.N    R1,??DataTable7_3
   \   00000038   0x7008             STRB     R0,[R1, #+0]
     22               UART_SendString("go ahead");
   \   0000003A   0x....             LDR.N    R0,??DataTable7_6
   \   0000003C   0x.... 0x....      BL       UART_SendString
   \   00000040   0xE008             B.N      ??UART3_IRQHandler_1
     23             }else if (tmp == 's'){
   \                     ??UART3_IRQHandler_3: (+1)
   \   00000042   0xB2C0             UXTB     R0,R0            ;; ZeroExt  R0,R0,#+24,#+24
   \   00000044   0x2873             CMP      R0,#+115
   \   00000046   0xD105             BNE.N    ??UART3_IRQHandler_1
     24               remote_state = 0;
   \   00000048   0x2000             MOVS     R0,#+0
   \   0000004A   0x....             LDR.N    R1,??DataTable7_3
   \   0000004C   0x7008             STRB     R0,[R1, #+0]
     25               UART_SendString("stop");
   \   0000004E   0x....             LDR.N    R0,??DataTable7_7
   \   00000050   0x.... 0x....      BL       UART_SendString
     26             }
     27          }
   \                     ??UART3_IRQHandler_1: (+1)
   \   00000054   0xBD01             POP      {R0,PC}          ;; return
     28          
     29          // ======== APIs ======
     30          
     31          // ---- Ayano's Format ----
     32          

   \                                 In section .text, align 2, keep-with-next
     33          void UART_SendDataHead(){
     34            while(!(UART3->S1 & UART_S1_TDRE_MASK));
   \                     UART_SendDataHead: (+1)
   \                     ??UART_SendDataHead_0: (+1)
   \   00000000   0x....             LDR.N    R0,??DataTable7_8  ;; 0x4006d004
   \   00000002   0x7800             LDRB     R0,[R0, #+0]
   \   00000004   0x0600             LSLS     R0,R0,#+24
   \   00000006   0xD5FB             BPL.N    ??UART_SendDataHead_0
     35            UART3->D = 127;
   \   00000008   0x207F             MOVS     R0,#+127
   \   0000000A   0x....             LDR.N    R1,??DataTable7_9  ;; 0x4006d007
   \   0000000C   0x7008             STRB     R0,[R1, #+0]
     36          }
   \   0000000E   0x4770             BX       LR               ;; return

   \                                 In section .text, align 2, keep-with-next
     37          void UART_SendData(s16 data){
     38            uint8 neg=0;
   \                     UART_SendData: (+1)
   \   00000000   0x2200             MOVS     R2,#+0
     39            uint8 num;
     40            if(data<0){
   \   00000002   0xB200             SXTH     R0,R0            ;; SignExt  R0,R0,#+16,#+16
   \   00000004   0x2800             CMP      R0,#+0
   \   00000006   0xD502             BPL.N    ??UART_SendData_0
     41              neg = 1;
   \   00000008   0x2201             MOVS     R2,#+1
     42              data = -data;
   \   0000000A   0xB200             SXTH     R0,R0            ;; SignExt  R0,R0,#+16,#+16
   \   0000000C   0x4240             RSBS     R0,R0,#+0
     43            }
     44            num = data%100;
   \                     ??UART_SendData_0: (+1)
   \   0000000E   0xB200             SXTH     R0,R0            ;; SignExt  R0,R0,#+16,#+16
   \   00000010   0x2164             MOVS     R1,#+100
   \   00000012   0xFB90 0xF3F1      SDIV     R3,R0,R1
   \   00000016   0xFB01 0x0113      MLS      R1,R1,R3,R0
     45            
     46            while(!(UART3->S1 & UART_S1_TDRE_MASK));
   \                     ??UART_SendData_1: (+1)
   \   0000001A   0x....             LDR.N    R3,??DataTable7_8  ;; 0x4006d004
   \   0000001C   0x781B             LDRB     R3,[R3, #+0]
   \   0000001E   0x061B             LSLS     R3,R3,#+24
   \   00000020   0xD5FB             BPL.N    ??UART_SendData_1
     47            UART3->D = neg?(49-data/100):(50+data/100);
   \   00000022   0xB2D2             UXTB     R2,R2            ;; ZeroExt  R2,R2,#+24,#+24
   \   00000024   0x2A00             CMP      R2,#+0
   \   00000026   0xD006             BEQ.N    ??UART_SendData_2
   \   00000028   0xB200             SXTH     R0,R0            ;; SignExt  R0,R0,#+16,#+16
   \   0000002A   0x2264             MOVS     R2,#+100
   \   0000002C   0xFB90 0xF0F2      SDIV     R0,R0,R2
   \   00000030   0xF1D0 0x0031      RSBS     R0,R0,#+49
   \   00000034   0xE004             B.N      ??UART_SendData_3
   \                     ??UART_SendData_2: (+1)
   \   00000036   0xB200             SXTH     R0,R0            ;; SignExt  R0,R0,#+16,#+16
   \   00000038   0x2264             MOVS     R2,#+100
   \   0000003A   0xFB90 0xF0F2      SDIV     R0,R0,R2
   \   0000003E   0x3032             ADDS     R0,R0,#+50
   \                     ??UART_SendData_3: (+1)
   \   00000040   0x....             LDR.N    R2,??DataTable7_9  ;; 0x4006d007
   \   00000042   0x7010             STRB     R0,[R2, #+0]
     48            
     49            while(!(UART3->S1 & UART_S1_TDRE_MASK));
   \                     ??UART_SendData_4: (+1)
   \   00000044   0x....             LDR.N    R0,??DataTable7_8  ;; 0x4006d004
   \   00000046   0x7800             LDRB     R0,[R0, #+0]
   \   00000048   0x0600             LSLS     R0,R0,#+24
   \   0000004A   0xD5FB             BPL.N    ??UART_SendData_4
     50            UART3->D = num;
   \   0000004C   0x....             LDR.N    R0,??DataTable7_9  ;; 0x4006d007
   \   0000004E   0x7001             STRB     R1,[R0, #+0]
     51          }
   \   00000050   0x4770             BX       LR               ;; return
     52          
     53          // ----- Basic Functions -----
     54          
     55          // Read 

   \                                 In section .text, align 2, keep-with-next
     56          int8 UART_GetChar(){
     57            while(!(UART3->S1 & UART_S1_RDRF_MASK));
   \                     UART_GetChar: (+1)
   \                     ??UART_GetChar_0: (+1)
   \   00000000   0x....             LDR.N    R0,??DataTable7_8  ;; 0x4006d004
   \   00000002   0x7800             LDRB     R0,[R0, #+0]
   \   00000004   0x0680             LSLS     R0,R0,#+26
   \   00000006   0xD5FB             BPL.N    ??UART_GetChar_0
     58            return UART3->D;
   \   00000008   0x....             LDR.N    R0,??DataTable7_9  ;; 0x4006d007
   \   0000000A   0xF990 0x0000      LDRSB    R0,[R0, #+0]
   \   0000000E   0xB240             SXTB     R0,R0            ;; SignExt  R0,R0,#+24,#+24
   \   00000010   0x4770             BX       LR               ;; return
     59          }
     60          
     61          // Send

   \                                 In section .text, align 2, keep-with-next
     62          void UART_SendChar(uint8 data){
     63            while(!(UART3->S1 & UART_S1_TDRE_MASK));
   \                     UART_SendChar: (+1)
   \                     ??UART_SendChar_0: (+1)
   \   00000000   0x....             LDR.N    R1,??DataTable7_8  ;; 0x4006d004
   \   00000002   0x7809             LDRB     R1,[R1, #+0]
   \   00000004   0x0609             LSLS     R1,R1,#+24
   \   00000006   0xD5FB             BPL.N    ??UART_SendChar_0
     64            UART3->D = data;
   \   00000008   0x....             LDR.N    R1,??DataTable7_9  ;; 0x4006d007
   \   0000000A   0x7008             STRB     R0,[R1, #+0]
     65          }
   \   0000000C   0x4770             BX       LR               ;; return
     66          

   \                                 In section .text, align 2, keep-with-next
     67          void UART_SendString(const char *p) {
   \                     UART_SendString: (+1)
   \   00000000   0xB510             PUSH     {R4,LR}
   \   00000002   0x0004             MOVS     R4,R0
   \   00000004   0xE003             B.N      ??UART_SendString_0
     68            while (*p)
     69              UART_SendChar(*p++);
   \                     ??UART_SendString_1: (+1)
   \   00000006   0x7820             LDRB     R0,[R4, #+0]
   \   00000008   0x.... 0x....      BL       UART_SendChar
   \   0000000C   0x1C64             ADDS     R4,R4,#+1
   \                     ??UART_SendString_0: (+1)
   \   0000000E   0x7820             LDRB     R0,[R4, #+0]
   \   00000010   0x2800             CMP      R0,#+0
   \   00000012   0xD1F8             BNE.N    ??UART_SendString_1
     70          }
   \   00000014   0xBD10             POP      {R4,PC}          ;; return
     71          
     72          // Init

   \                                 In section .text, align 2, keep-with-next
     73          void UART_Init(u32 baud){
   \                     UART_Init: (+1)
   \   00000000   0xB510             PUSH     {R4,LR}
     74            //UART3
     75            
     76            uint16 sbr;
     77            uint32 busclock = g_bus_clock;
   \   00000002   0x....             LDR.N    R1,??DataTable7_10
   \   00000004   0x6809             LDR      R1,[R1, #+0]
     78          
     79            SIM->SCGC4 |= SIM_SCGC4_UART3_MASK;
   \   00000006   0x....             LDR.N    R2,??DataTable7_11  ;; 0x40048034
   \   00000008   0x6812             LDR      R2,[R2, #+0]
   \   0000000A   0xF452 0x5200      ORRS     R2,R2,#0x2000
   \   0000000E   0x....             LDR.N    R3,??DataTable7_11  ;; 0x40048034
   \   00000010   0x601A             STR      R2,[R3, #+0]
     80            
     81            PORTE->PCR[4] = PORT_PCR_MUX(3);
   \   00000012   0xF44F 0x7240      MOV      R2,#+768
   \   00000016   0x....             LDR.N    R3,??DataTable7_12  ;; 0x4004d010
   \   00000018   0x601A             STR      R2,[R3, #+0]
     82            PORTE->PCR[5] = PORT_PCR_MUX(3);
   \   0000001A   0xF44F 0x7240      MOV      R2,#+768
   \   0000001E   0x....             LDR.N    R3,??DataTable7_13  ;; 0x4004d014
   \   00000020   0x601A             STR      R2,[R3, #+0]
     83            UART3->C2 &= ~(UART_C2_TE_MASK | UART_C2_RE_MASK );  // DISABLE UART FIRST
   \   00000022   0x....             LDR.N    R2,??DataTable7_14  ;; 0x4006d003
   \   00000024   0x7812             LDRB     R2,[R2, #+0]
   \   00000026   0xF012 0x02F3      ANDS     R2,R2,#0xF3
   \   0000002A   0x....             LDR.N    R3,??DataTable7_14  ;; 0x4006d003
   \   0000002C   0x701A             STRB     R2,[R3, #+0]
     84            UART3->C1 = 0;  // NONE PARITY CHECK
   \   0000002E   0x2200             MOVS     R2,#+0
   \   00000030   0x....             LDR.N    R3,??DataTable7_15  ;; 0x4006d002
   \   00000032   0x701A             STRB     R2,[R3, #+0]
     85            
     86            //UART baud rate = UART module clock / (16 ¡Á (SBR[12:0] + BRFD))
     87            // BRFD = BRFA/32; fraction
     88            sbr = (uint16)(busclock/(16*baud));
   \   00000034   0x0102             LSLS     R2,R0,#+4
   \   00000036   0xFBB1 0xF2F2      UDIV     R2,R1,R2
     89            UART3->BDH = (UART3->BDH & 0XC0)|(uint8)((sbr & 0X1F00)>>8);
   \   0000003A   0x....             LDR.N    R3,??DataTable7_16  ;; 0x4006d000
   \   0000003C   0x781B             LDRB     R3,[R3, #+0]
   \   0000003E   0xF013 0x03C0      ANDS     R3,R3,#0xC0
   \   00000042   0xB292             UXTH     R2,R2            ;; ZeroExt  R2,R2,#+16,#+16
   \   00000044   0x1214             ASRS     R4,R2,#+8
   \   00000046   0xF014 0x041F      ANDS     R4,R4,#0x1F
   \   0000004A   0x4323             ORRS     R3,R4,R3
   \   0000004C   0x....             LDR.N    R4,??DataTable7_16  ;; 0x4006d000
   \   0000004E   0x7023             STRB     R3,[R4, #+0]
     90            UART3->BDL = (uint8)(sbr & 0XFF);
   \   00000050   0x....             LDR.N    R3,??DataTable7_17  ;; 0x4006d001
   \   00000052   0x701A             STRB     R2,[R3, #+0]
     91            
     92            UART3->C4 = (UART3->C4 & 0XE0)|(uint8)((32*busclock)/(16*baud)-sbr*32); 
   \   00000054   0x....             LDR.N    R3,??DataTable7_18  ;; 0x4006d00a
   \   00000056   0x781B             LDRB     R3,[R3, #+0]
   \   00000058   0xF013 0x03E0      ANDS     R3,R3,#0xE0
   \   0000005C   0x0149             LSLS     R1,R1,#+5
   \   0000005E   0x0100             LSLS     R0,R0,#+4
   \   00000060   0xFBB1 0xF0F0      UDIV     R0,R1,R0
   \   00000064   0xB292             UXTH     R2,R2            ;; ZeroExt  R2,R2,#+16,#+16
   \   00000066   0x0151             LSLS     R1,R2,#+5
   \   00000068   0x1A40             SUBS     R0,R0,R1
   \   0000006A   0x4318             ORRS     R0,R0,R3
   \   0000006C   0x....             LDR.N    R1,??DataTable7_18  ;; 0x4006d00a
   \   0000006E   0x7008             STRB     R0,[R1, #+0]
     93          
     94            UART3->C2 |=  UART_C2_RIE_MASK;
   \   00000070   0x....             LDR.N    R0,??DataTable7_14  ;; 0x4006d003
   \   00000072   0x7800             LDRB     R0,[R0, #+0]
   \   00000074   0xF050 0x0020      ORRS     R0,R0,#0x20
   \   00000078   0x....             LDR.N    R1,??DataTable7_14  ;; 0x4006d003
   \   0000007A   0x7008             STRB     R0,[R1, #+0]
     95            
     96            UART3->C2 |= UART_C2_RE_MASK;
   \   0000007C   0x....             LDR.N    R0,??DataTable7_14  ;; 0x4006d003
   \   0000007E   0x7800             LDRB     R0,[R0, #+0]
   \   00000080   0xF050 0x0004      ORRS     R0,R0,#0x4
   \   00000084   0x....             LDR.N    R1,??DataTable7_14  ;; 0x4006d003
   \   00000086   0x7008             STRB     R0,[R1, #+0]
     97            
     98            UART3->C2 |= UART_C2_TE_MASK; 
   \   00000088   0x....             LDR.N    R0,??DataTable7_14  ;; 0x4006d003
   \   0000008A   0x7800             LDRB     R0,[R0, #+0]
   \   0000008C   0xF050 0x0008      ORRS     R0,R0,#0x8
   \   00000090   0x....             LDR.N    R1,??DataTable7_14  ;; 0x4006d003
   \   00000092   0x7008             STRB     R0,[R1, #+0]
     99            
    100            NVIC_EnableIRQ(UART3_RX_TX_IRQn); 
   \   00000094   0x2033             MOVS     R0,#+51
   \   00000096   0x.... 0x....      BL       NVIC_EnableIRQ
    101            NVIC_SetPriority(UART3_RX_TX_IRQn, NVIC_EncodePriority(NVIC_GROUP, 2, 2));
   \   0000009A   0x2202             MOVS     R2,#+2
   \   0000009C   0x2102             MOVS     R1,#+2
   \   0000009E   0x2005             MOVS     R0,#+5
   \   000000A0   0x.... 0x....      BL       NVIC_EncodePriority
   \   000000A4   0x0001             MOVS     R1,R0
   \   000000A6   0x2033             MOVS     R0,#+51
   \   000000A8   0x.... 0x....      BL       NVIC_SetPriority
    102          }
   \   000000AC   0xBD10             POP      {R4,PC}          ;; return

   \                                 In section .text, align 4, keep-with-next
   \                     ??DataTable7:
   \   00000000   0xE000E100         DC32     0xe000e100

   \                                 In section .text, align 4, keep-with-next
   \                     ??DataTable7_1:
   \   00000000   0xE000ED18         DC32     0xe000ed18

   \                                 In section .text, align 4, keep-with-next
   \                     ??DataTable7_2:
   \   00000000   0xE000E400         DC32     0xe000e400

   \                                 In section .text, align 4, keep-with-next
   \                     ??DataTable7_3:
   \   00000000   0x........         DC32     remote_state

   \                                 In section .text, align 4, keep-with-next
   \                     ??DataTable7_4:
   \   00000000   0x........         DC32     ?_0

   \                                 In section .text, align 4, keep-with-next
   \                     ??DataTable7_5:
   \   00000000   0x........         DC32     ?_1

   \                                 In section .text, align 4, keep-with-next
   \                     ??DataTable7_6:
   \   00000000   0x........         DC32     ?_2

   \                                 In section .text, align 4, keep-with-next
   \                     ??DataTable7_7:
   \   00000000   0x........         DC32     ?_3

   \                                 In section .text, align 4, keep-with-next
   \                     ??DataTable7_8:
   \   00000000   0x4006D004         DC32     0x4006d004

   \                                 In section .text, align 4, keep-with-next
   \                     ??DataTable7_9:
   \   00000000   0x4006D007         DC32     0x4006d007

   \                                 In section .text, align 4, keep-with-next
   \                     ??DataTable7_10:
   \   00000000   0x........         DC32     g_bus_clock

   \                                 In section .text, align 4, keep-with-next
   \                     ??DataTable7_11:
   \   00000000   0x40048034         DC32     0x40048034

   \                                 In section .text, align 4, keep-with-next
   \                     ??DataTable7_12:
   \   00000000   0x4004D010         DC32     0x4004d010

   \                                 In section .text, align 4, keep-with-next
   \                     ??DataTable7_13:
   \   00000000   0x4004D014         DC32     0x4004d014

   \                                 In section .text, align 4, keep-with-next
   \                     ??DataTable7_14:
   \   00000000   0x4006D003         DC32     0x4006d003

   \                                 In section .text, align 4, keep-with-next
   \                     ??DataTable7_15:
   \   00000000   0x4006D002         DC32     0x4006d002

   \                                 In section .text, align 4, keep-with-next
   \                     ??DataTable7_16:
   \   00000000   0x4006D000         DC32     0x4006d000

   \                                 In section .text, align 4, keep-with-next
   \                     ??DataTable7_17:
   \   00000000   0x4006D001         DC32     0x4006d001

   \                                 In section .text, align 4, keep-with-next
   \                     ??DataTable7_18:
   \   00000000   0x4006D00A         DC32     0x4006d00a

   \                                 In section .rodata, align 4
   \                     ?_0:
   \   00000000   0x74 0x75          DC8 "turn left"
   \              0x72 0x6E    
   \              0x20 0x6C    
   \              0x65 0x66    
   \              0x74 0x00    
   \   0000000A   0x00 0x00          DC8 0, 0

   \                                 In section .rodata, align 4
   \                     ?_1:
   \   00000000   0x74 0x75          DC8 "turn right"
   \              0x72 0x6E    
   \              0x20 0x72    
   \              0x69 0x67    
   \              0x68 0x74    
   \              0x00         
   \   0000000B   0x00               DC8 0

   \                                 In section .rodata, align 4
   \                     ?_2:
   \   00000000   0x67 0x6F          DC8 "go ahead"
   \              0x20 0x61    
   \              0x68 0x65    
   \              0x61 0x64    
   \              0x00         
   \   00000009   0x00 0x00          DC8 0, 0, 0
   \              0x00         

   \                                 In section .rodata, align 4
   \                     ?_3:
   \   00000000   0x73 0x74          DC8 "stop"
   \              0x6F 0x70    
   \              0x00         
   \   00000005   0x00 0x00          DC8 0, 0, 0
   \              0x00         

   Maximum stack usage in bytes:

   .cstack Function
   ------- --------
       0   NVIC_EnableIRQ
       4   NVIC_EncodePriority
       0   NVIC_SetPriority
       8   UART3_IRQHandler
         8   -> UART_GetChar
         8   -> UART_SendString
       0   UART_GetChar
       8   UART_Init
         8   -> NVIC_EnableIRQ
         8   -> NVIC_EncodePriority
         8   -> NVIC_SetPriority
       0   UART_SendChar
       0   UART_SendData
       0   UART_SendDataHead
       8   UART_SendString
         8   -> UART_SendChar


   Section sizes:

   Bytes  Function/Label
   -----  --------------
       4  ??DataTable7
       4  ??DataTable7_1
       4  ??DataTable7_10
       4  ??DataTable7_11
       4  ??DataTable7_12
       4  ??DataTable7_13
       4  ??DataTable7_14
       4  ??DataTable7_15
       4  ??DataTable7_16
       4  ??DataTable7_17
       4  ??DataTable7_18
       4  ??DataTable7_2
       4  ??DataTable7_3
       4  ??DataTable7_4
       4  ??DataTable7_5
       4  ??DataTable7_6
       4  ??DataTable7_7
       4  ??DataTable7_8
       4  ??DataTable7_9
      12  ?_0
      12  ?_1
      12  ?_2
       8  ?_3
      20  NVIC_EnableIRQ
      62  NVIC_EncodePriority
      34  NVIC_SetPriority
      86  UART3_IRQHandler
      18  UART_GetChar
     174  UART_Init
      14  UART_SendChar
      82  UART_SendData
      16  UART_SendDataHead
      22  UART_SendString

 
  44 bytes in section .rodata
 604 bytes in section .text
 
 604 bytes of CODE  memory
  44 bytes of CONST memory

Errors: none
Warnings: none
